INFO: [VRFC 10-2263] Analyzing Verilog file "C:/Users/Microapple/OneDrive - Rain/NSCSCC/project_1/project_1.ip_user_files/ip/DM/sim/DM.v" into library xil_defaultlib
INFO: [VRFC 10-311] analyzing module DM
INFO: [VRFC 10-2263] Analyzing Verilog file "C:/Users/Microapple/OneDrive - Rain/NSCSCC/project_1/project_1.gen/sources_1/ip/IM/sim/IM.v" into library xil_defaultlib
INFO: [VRFC 10-311] analyzing module IM
INFO: [VRFC 10-2263] Analyzing Verilog file "C:/Users/Microapple/OneDrive - Rain/NSCSCC/project_1/project_1.srcs/sources_1/new/ALU.v" into library xil_defaultlib
INFO: [VRFC 10-311] analyzing module ALU
INFO: [VRFC 10-2263] Analyzing Verilog file "C:/Users/Microapple/OneDrive - Rain/NSCSCC/project_1/project_1.srcs/sources_1/new/CU.v" into library xil_defaultlib
INFO: [VRFC 10-311] analyzing module CU
INFO: [VRFC 10-2263] Analyzing Verilog file "C:/Users/Microapple/OneDrive - Rain/NSCSCC/project_1/project_1.srcs/sources_1/new/EX.v" into library xil_defaultlib
INFO: [VRFC 10-311] analyzing module EX
INFO: [VRFC 10-2263] Analyzing Verilog file "C:/Users/Microapple/OneDrive - Rain/NSCSCC/project_1/project_1.srcs/sources_1/new/EX_MEM.v" into library xil_defaultlib
INFO: [VRFC 10-311] analyzing module EX_MEM
INFO: [VRFC 10-2263] Analyzing Verilog file "C:/Users/Microapple/OneDrive - Rain/NSCSCC/project_1/project_1.srcs/sources_1/new/ID.v" into library xil_defaultlib
INFO: [VRFC 10-311] analyzing module ID
INFO: [VRFC 10-2263] Analyzing Verilog file "C:/Users/Microapple/OneDrive - Rain/NSCSCC/project_1/project_1.srcs/sources_1/new/ID1.v" into library xil_defaultlib
INFO: [VRFC 10-311] analyzing module ID1
INFO: [VRFC 10-2263] Analyzing Verilog file "C:/Users/Microapple/OneDrive - Rain/NSCSCC/project_1/project_1.srcs/sources_1/new/ID2.v" into library xil_defaultlib
INFO: [VRFC 10-311] analyzing module ID2
INFO: [VRFC 10-2263] Analyzing Verilog file "C:/Users/Microapple/OneDrive - Rain/NSCSCC/project_1/project_1.srcs/sources_1/new/ID_EX.v" into library xil_defaultlib
INFO: [VRFC 10-311] analyzing module ID_EX
INFO: [VRFC 10-2263] Analyzing Verilog file "C:/Users/Microapple/OneDrive - Rain/NSCSCC/project_1/project_1.srcs/sources_1/new/IF.v" into library xil_defaultlib
INFO: [VRFC 10-311] analyzing module IF
INFO: [VRFC 10-2263] Analyzing Verilog file "C:/Users/Microapple/OneDrive - Rain/NSCSCC/project_1/project_1.srcs/sources_1/new/IF_ID.v" into library xil_defaultlib
INFO: [VRFC 10-311] analyzing module IF_ID
INFO: [VRFC 10-2263] Analyzing Verilog file "C:/Users/Microapple/OneDrive - Rain/NSCSCC/project_1/project_1.srcs/sources_1/imports/new/MDU.v" into library xil_defaultlib
INFO: [VRFC 10-311] analyzing module MDU
INFO: [VRFC 10-2263] Analyzing Verilog file "C:/Users/Microapple/OneDrive - Rain/NSCSCC/project_1/project_1.srcs/sources_1/new/MEM.v" into library xil_defaultlib
INFO: [VRFC 10-311] analyzing module MEM
INFO: [VRFC 10-2263] Analyzing Verilog file "C:/Users/Microapple/OneDrive - Rain/NSCSCC/project_1/project_1.srcs/sources_1/new/MEM_WB.v" into library xil_defaultlib
INFO: [VRFC 10-311] analyzing module MEM_WB
INFO: [VRFC 10-2263] Analyzing Verilog file "C:/Users/Microapple/OneDrive - Rain/NSCSCC/project_1/project_1.srcs/sources_1/new/PC.v" into library xil_defaultlib
INFO: [VRFC 10-311] analyzing module PC
INFO: [VRFC 10-2263] Analyzing Verilog file "C:/Users/Microapple/OneDrive - Rain/NSCSCC/project_1/project_1.srcs/sources_1/new/RegFile.v" into library xil_defaultlib
INFO: [VRFC 10-311] analyzing module RegFile
INFO: [VRFC 10-2263] Analyzing Verilog file "C:/Users/Microapple/OneDrive - Rain/NSCSCC/project_1/project_1.srcs/sources_1/new/RegHILO.v" into library xil_defaultlib
INFO: [VRFC 10-311] analyzing module RegHILO
INFO: [VRFC 10-2263] Analyzing Verilog file "C:/Users/Microapple/OneDrive - Rain/NSCSCC/project_1/project_1.srcs/sources_1/new/WB.v" into library xil_defaultlib
INFO: [VRFC 10-311] analyzing module WB
INFO: [VRFC 10-2263] Analyzing Verilog file "C:/Users/Microapple/OneDrive - Rain/NSCSCC/project_1/project_1.srcs/sources_1/new/WRConflict.v" into library xil_defaultlib
INFO: [VRFC 10-311] analyzing module WRConflict
INFO: [VRFC 10-2263] Analyzing Verilog file "C:/Users/Microapple/OneDrive - Rain/NSCSCC/project_1/project_1.srcs/sim_1/new/Sim1.v" into library xil_defaultlib
INFO: [VRFC 10-311] analyzing module Sim1
INFO: [VRFC 10-2458] undeclared symbol MDUPause_EX, assumed default net type wire [C:/Users/Microapple/OneDrive - Rain/NSCSCC/project_1/project_1.srcs/sim_1/new/Sim1.v:35]
INFO: [VRFC 10-2458] undeclared symbol rs_ID, assumed default net type wire [C:/Users/Microapple/OneDrive - Rain/NSCSCC/project_1/project_1.srcs/sim_1/new/Sim1.v:36]
INFO: [VRFC 10-2458] undeclared symbol rt_ID, assumed default net type wire [C:/Users/Microapple/OneDrive - Rain/NSCSCC/project_1/project_1.srcs/sim_1/new/Sim1.v:37]
INFO: [VRFC 10-2458] undeclared symbol RDataValid_ID, assumed default net type wire [C:/Users/Microapple/OneDrive - Rain/NSCSCC/project_1/project_1.srcs/sim_1/new/Sim1.v:38]
INFO: [VRFC 10-2458] undeclared symbol WAddr_EX, assumed default net type wire [C:/Users/Microapple/OneDrive - Rain/NSCSCC/project_1/project_1.srcs/sim_1/new/Sim1.v:39]
INFO: [VRFC 10-2458] undeclared symbol WAddr_EX_MEM, assumed default net type wire [C:/Users/Microapple/OneDrive - Rain/NSCSCC/project_1/project_1.srcs/sim_1/new/Sim1.v:40]
INFO: [VRFC 10-2458] undeclared symbol WAddr_MEM_WB, assumed default net type wire [C:/Users/Microapple/OneDrive - Rain/NSCSCC/project_1/project_1.srcs/sim_1/new/Sim1.v:41]
INFO: [VRFC 10-2458] undeclared symbol RegWrite_ID_EX, assumed default net type wire [C:/Users/Microapple/OneDrive - Rain/NSCSCC/project_1/project_1.srcs/sim_1/new/Sim1.v:42]
INFO: [VRFC 10-2458] undeclared symbol RegWrite_EX_MEM, assumed default net type wire [C:/Users/Microapple/OneDrive - Rain/NSCSCC/project_1/project_1.srcs/sim_1/new/Sim1.v:43]
INFO: [VRFC 10-2458] undeclared symbol RegWrite_MEM_WB, assumed default net type wire [C:/Users/Microapple/OneDrive - Rain/NSCSCC/project_1/project_1.srcs/sim_1/new/Sim1.v:44]
INFO: [VRFC 10-2458] undeclared symbol HILOValid_ID, assumed default net type wire [C:/Users/Microapple/OneDrive - Rain/NSCSCC/project_1/project_1.srcs/sim_1/new/Sim1.v:45]
INFO: [VRFC 10-2458] undeclared symbol HIWrite_ID_EX, assumed default net type wire [C:/Users/Microapple/OneDrive - Rain/NSCSCC/project_1/project_1.srcs/sim_1/new/Sim1.v:46]
INFO: [VRFC 10-2458] undeclared symbol HIWrite_EX_MEM, assumed default net type wire [C:/Users/Microapple/OneDrive - Rain/NSCSCC/project_1/project_1.srcs/sim_1/new/Sim1.v:47]
INFO: [VRFC 10-2458] undeclared symbol HIWrite_MEM_WB, assumed default net type wire [C:/Users/Microapple/OneDrive - Rain/NSCSCC/project_1/project_1.srcs/sim_1/new/Sim1.v:48]
INFO: [VRFC 10-2458] undeclared symbol LOWrite_ID_EX, assumed default net type wire [C:/Users/Microapple/OneDrive - Rain/NSCSCC/project_1/project_1.srcs/sim_1/new/Sim1.v:49]
INFO: [VRFC 10-2458] undeclared symbol LOWrite_EX_MEM, assumed default net type wire [C:/Users/Microapple/OneDrive - Rain/NSCSCC/project_1/project_1.srcs/sim_1/new/Sim1.v:50]
INFO: [VRFC 10-2458] undeclared symbol LOWrite_MEM_WB, assumed default net type wire [C:/Users/Microapple/OneDrive - Rain/NSCSCC/project_1/project_1.srcs/sim_1/new/Sim1.v:51]
INFO: [VRFC 10-2458] undeclared symbol HILOWrite_ID_EX, assumed default net type wire [C:/Users/Microapple/OneDrive - Rain/NSCSCC/project_1/project_1.srcs/sim_1/new/Sim1.v:52]
INFO: [VRFC 10-2458] undeclared symbol HILOWrite_EX_MEM, assumed default net type wire [C:/Users/Microapple/OneDrive - Rain/NSCSCC/project_1/project_1.srcs/sim_1/new/Sim1.v:53]
INFO: [VRFC 10-2458] undeclared symbol HILOWrite_MEM_WB, assumed default net type wire [C:/Users/Microapple/OneDrive - Rain/NSCSCC/project_1/project_1.srcs/sim_1/new/Sim1.v:54]
INFO: [VRFC 10-2458] undeclared symbol PCSrcForward_ID, assumed default net type wire [C:/Users/Microapple/OneDrive - Rain/NSCSCC/project_1/project_1.srcs/sim_1/new/Sim1.v:55]
INFO: [VRFC 10-2458] undeclared symbol PCSrc_ID, assumed default net type wire [C:/Users/Microapple/OneDrive - Rain/NSCSCC/project_1/project_1.srcs/sim_1/new/Sim1.v:56]
INFO: [VRFC 10-2458] undeclared symbol PCSrc_ID_EX, assumed default net type wire [C:/Users/Microapple/OneDrive - Rain/NSCSCC/project_1/project_1.srcs/sim_1/new/Sim1.v:57]
INFO: [VRFC 10-2458] undeclared symbol PCSrc_MEM, assumed default net type wire [C:/Users/Microapple/OneDrive - Rain/NSCSCC/project_1/project_1.srcs/sim_1/new/Sim1.v:58]
INFO: [VRFC 10-2458] undeclared symbol PC_EX_MEM, assumed default net type wire [C:/Users/Microapple/OneDrive - Rain/NSCSCC/project_1/project_1.srcs/sim_1/new/Sim1.v:82]
INFO: [VRFC 10-2458] undeclared symbol PC_ID, assumed default net type wire [C:/Users/Microapple/OneDrive - Rain/NSCSCC/project_1/project_1.srcs/sim_1/new/Sim1.v:84]
WARNING: [VRFC 10-2938] 'PC_ID' is already implicitly declared on line 84 [C:/Users/Microapple/OneDrive - Rain/NSCSCC/project_1/project_1.srcs/sim_1/new/Sim1.v:103]
WARNING: [VRFC 10-2938] 'rs_ID' is already implicitly declared on line 36 [C:/Users/Microapple/OneDrive - Rain/NSCSCC/project_1/project_1.srcs/sim_1/new/Sim1.v:107]
WARNING: [VRFC 10-2938] 'rt_ID' is already implicitly declared on line 37 [C:/Users/Microapple/OneDrive - Rain/NSCSCC/project_1/project_1.srcs/sim_1/new/Sim1.v:108]
WARNING: [VRFC 10-2938] 'PCSrc_ID' is already implicitly declared on line 56 [C:/Users/Microapple/OneDrive - Rain/NSCSCC/project_1/project_1.srcs/sim_1/new/Sim1.v:115]
WARNING: [VRFC 10-2938] 'PCSrcForward_ID' is already implicitly declared on line 55 [C:/Users/Microapple/OneDrive - Rain/NSCSCC/project_1/project_1.srcs/sim_1/new/Sim1.v:116]
WARNING: [VRFC 10-2938] 'RDataValid_ID' is already implicitly declared on line 38 [C:/Users/Microapple/OneDrive - Rain/NSCSCC/project_1/project_1.srcs/sim_1/new/Sim1.v:129]
WARNING: [VRFC 10-2938] 'HILOValid_ID' is already implicitly declared on line 45 [C:/Users/Microapple/OneDrive - Rain/NSCSCC/project_1/project_1.srcs/sim_1/new/Sim1.v:130]
INFO: [VRFC 10-2458] undeclared symbol WData_WB, assumed default net type wire [C:/Users/Microapple/OneDrive - Rain/NSCSCC/project_1/project_1.srcs/sim_1/new/Sim1.v:141]
INFO: [VRFC 10-2458] undeclared symbol HILO_MEM_WB, assumed default net type wire [C:/Users/Microapple/OneDrive - Rain/NSCSCC/project_1/project_1.srcs/sim_1/new/Sim1.v:142]
WARNING: [VRFC 10-2938] 'RegWrite_ID_EX' is already implicitly declared on line 42 [C:/Users/Microapple/OneDrive - Rain/NSCSCC/project_1/project_1.srcs/sim_1/new/Sim1.v:181]
WARNING: [VRFC 10-2938] 'HIWrite_ID_EX' is already implicitly declared on line 46 [C:/Users/Microapple/OneDrive - Rain/NSCSCC/project_1/project_1.srcs/sim_1/new/Sim1.v:182]
WARNING: [VRFC 10-2938] 'LOWrite_ID_EX' is already implicitly declared on line 49 [C:/Users/Microapple/OneDrive - Rain/NSCSCC/project_1/project_1.srcs/sim_1/new/Sim1.v:183]
WARNING: [VRFC 10-2938] 'HILOWrite_ID_EX' is already implicitly declared on line 52 [C:/Users/Microapple/OneDrive - Rain/NSCSCC/project_1/project_1.srcs/sim_1/new/Sim1.v:184]
WARNING: [VRFC 10-2938] 'PCSrc_ID_EX' is already implicitly declared on line 57 [C:/Users/Microapple/OneDrive - Rain/NSCSCC/project_1/project_1.srcs/sim_1/new/Sim1.v:185]
WARNING: [VRFC 10-2938] 'WAddr_EX' is already implicitly declared on line 39 [C:/Users/Microapple/OneDrive - Rain/NSCSCC/project_1/project_1.srcs/sim_1/new/Sim1.v:255]
WARNING: [VRFC 10-2938] 'MDUPause_EX' is already implicitly declared on line 35 [C:/Users/Microapple/OneDrive - Rain/NSCSCC/project_1/project_1.srcs/sim_1/new/Sim1.v:263]
WARNING: [VRFC 10-2938] 'PC_EX_MEM' is already implicitly declared on line 82 [C:/Users/Microapple/OneDrive - Rain/NSCSCC/project_1/project_1.srcs/sim_1/new/Sim1.v:292]
WARNING: [VRFC 10-2938] 'WAddr_EX_MEM' is already implicitly declared on line 40 [C:/Users/Microapple/OneDrive - Rain/NSCSCC/project_1/project_1.srcs/sim_1/new/Sim1.v:299]
WARNING: [VRFC 10-2938] 'RegWrite_EX_MEM' is already implicitly declared on line 43 [C:/Users/Microapple/OneDrive - Rain/NSCSCC/project_1/project_1.srcs/sim_1/new/Sim1.v:300]
WARNING: [VRFC 10-2938] 'HIWrite_EX_MEM' is already implicitly declared on line 47 [C:/Users/Microapple/OneDrive - Rain/NSCSCC/project_1/project_1.srcs/sim_1/new/Sim1.v:301]
WARNING: [VRFC 10-2938] 'LOWrite_EX_MEM' is already implicitly declared on line 50 [C:/Users/Microapple/OneDrive - Rain/NSCSCC/project_1/project_1.srcs/sim_1/new/Sim1.v:302]
WARNING: [VRFC 10-2938] 'HILOWrite_EX_MEM' is already implicitly declared on line 53 [C:/Users/Microapple/OneDrive - Rain/NSCSCC/project_1/project_1.srcs/sim_1/new/Sim1.v:303]
WARNING: [VRFC 10-2938] 'PCSrc_MEM' is already implicitly declared on line 58 [C:/Users/Microapple/OneDrive - Rain/NSCSCC/project_1/project_1.srcs/sim_1/new/Sim1.v:365]
WARNING: [VRFC 10-2938] 'RegWrite_MEM_WB' is already implicitly declared on line 44 [C:/Users/Microapple/OneDrive - Rain/NSCSCC/project_1/project_1.srcs/sim_1/new/Sim1.v:389]
WARNING: [VRFC 10-2938] 'HIWrite_MEM_WB' is already implicitly declared on line 48 [C:/Users/Microapple/OneDrive - Rain/NSCSCC/project_1/project_1.srcs/sim_1/new/Sim1.v:390]
WARNING: [VRFC 10-2938] 'LOWrite_MEM_WB' is already implicitly declared on line 51 [C:/Users/Microapple/OneDrive - Rain/NSCSCC/project_1/project_1.srcs/sim_1/new/Sim1.v:391]
WARNING: [VRFC 10-2938] 'HILOWrite_MEM_WB' is already implicitly declared on line 54 [C:/Users/Microapple/OneDrive - Rain/NSCSCC/project_1/project_1.srcs/sim_1/new/Sim1.v:392]
WARNING: [VRFC 10-2938] 'WAddr_MEM_WB' is already implicitly declared on line 41 [C:/Users/Microapple/OneDrive - Rain/NSCSCC/project_1/project_1.srcs/sim_1/new/Sim1.v:395]
WARNING: [VRFC 10-2938] 'HILO_MEM_WB' is already implicitly declared on line 142 [C:/Users/Microapple/OneDrive - Rain/NSCSCC/project_1/project_1.srcs/sim_1/new/Sim1.v:397]
WARNING: [VRFC 10-2938] 'WData_WB' is already implicitly declared on line 141 [C:/Users/Microapple/OneDrive - Rain/NSCSCC/project_1/project_1.srcs/sim_1/new/Sim1.v:427]
