#-----------------------------------------------------------
# Vivado v2021.1 (64-bit)
# SW Build 3247384 on Thu Jun 10 19:36:33 MDT 2021
# IP Build 3246043 on Fri Jun 11 00:30:35 MDT 2021
# Start of session at: Sun Aug  1 17:32:58 2021
# Process ID: 246908
# Current directory: C:/Users/Microapple/OneDrive - Rain/NSCSCC/cpu_axi
# Command line: vivado.exe -gui_launcher_event rodinguilauncherevent255576 C:\Users\Microapple\OneDrive - Rain\NSCSCC\cpu_axi\project_1.xpr
# Log file: C:/Users/Microapple/OneDrive - Rain/NSCSCC/cpu_axi/vivado.log
# Journal file: C:/Users/Microapple/OneDrive - Rain/NSCSCC/cpu_axi\vivado.jou
#-----------------------------------------------------------
start_gui
open_project {C:/Users/Microapple/OneDrive - Rain/NSCSCC/cpu_axi/project_1.xpr}
INFO: [Project 1-313] Project file moved from 'C:/Users/Microapple/OneDrive - Rain/NSCSCC/project_1' since last save.
Scanning sources...
Finished scanning sources
INFO: [IP_Flow 19-234] Refreshing IP repositories
INFO: [IP_Flow 19-1704] No user IP repositories specified
INFO: [IP_Flow 19-2313] Loaded Vivado IP repository 'C:/Xilinx/Vivado/2021.1/data/ip'.
update_compile_order -fileset sources_1
close [ open {C:/Users/Microapple/OneDrive - Rain/NSCSCC/cpu_axi/project_1.srcs/sources_1/new/cpu_axi_interface.v} w ]
add_files {{C:/Users/Microapple/OneDrive - Rain/NSCSCC/cpu_axi/project_1.srcs/sources_1/new/cpu_axi_interface.v}}
update_compile_order -fileset sources_1
update_compile_order -fileset sources_1
update_compile_order -fileset sources_1
update_compile_order -fileset sources_1
update_compile_order -fileset sources_1
update_compile_order -fileset sources_1
synth_design -rtl -rtl_skip_mlo -name rtl_1
Command: synth_design -rtl -rtl_skip_mlo -name rtl_1
Starting synth_design
Using part: xc7a200tfbg676-1
Top: Top
INFO: [Device 21-403] Loading part xc7a200tfbg676-1
WARNING: [Synth 8-992] IMPause_IF is already implicitly declared earlier [C:/Users/Microapple/OneDrive - Rain/NSCSCC/cpu_axi/project_1.srcs/sources_1/new/Top.v:147]
WARNING: [Synth 8-992] PC_ID is already implicitly declared earlier [C:/Users/Microapple/OneDrive - Rain/NSCSCC/cpu_axi/project_1.srcs/sources_1/new/Top.v:186]
WARNING: [Synth 8-992] rs_ID is already implicitly declared earlier [C:/Users/Microapple/OneDrive - Rain/NSCSCC/cpu_axi/project_1.srcs/sources_1/new/Top.v:190]
WARNING: [Synth 8-992] rt_ID is already implicitly declared earlier [C:/Users/Microapple/OneDrive - Rain/NSCSCC/cpu_axi/project_1.srcs/sources_1/new/Top.v:191]
WARNING: [Synth 8-992] PCSrc_ID is already implicitly declared earlier [C:/Users/Microapple/OneDrive - Rain/NSCSCC/cpu_axi/project_1.srcs/sources_1/new/Top.v:198]
WARNING: [Synth 8-992] PCSrcForward_ID is already implicitly declared earlier [C:/Users/Microapple/OneDrive - Rain/NSCSCC/cpu_axi/project_1.srcs/sources_1/new/Top.v:199]
WARNING: [Synth 8-992] RDataValid_ID is already implicitly declared earlier [C:/Users/Microapple/OneDrive - Rain/NSCSCC/cpu_axi/project_1.srcs/sources_1/new/Top.v:212]
WARNING: [Synth 8-992] HILOValid_ID is already implicitly declared earlier [C:/Users/Microapple/OneDrive - Rain/NSCSCC/cpu_axi/project_1.srcs/sources_1/new/Top.v:213]
WARNING: [Synth 8-992] ERET_ID is already implicitly declared earlier [C:/Users/Microapple/OneDrive - Rain/NSCSCC/cpu_axi/project_1.srcs/sources_1/new/Top.v:215]
WARNING: [Synth 8-992] RegWrite_ID_EX is already implicitly declared earlier [C:/Users/Microapple/OneDrive - Rain/NSCSCC/cpu_axi/project_1.srcs/sources_1/new/Top.v:272]
WARNING: [Synth 8-992] HIWrite_ID_EX is already implicitly declared earlier [C:/Users/Microapple/OneDrive - Rain/NSCSCC/cpu_axi/project_1.srcs/sources_1/new/Top.v:273]
WARNING: [Synth 8-992] LOWrite_ID_EX is already implicitly declared earlier [C:/Users/Microapple/OneDrive - Rain/NSCSCC/cpu_axi/project_1.srcs/sources_1/new/Top.v:274]
WARNING: [Synth 8-992] HILOWrite_ID_EX is already implicitly declared earlier [C:/Users/Microapple/OneDrive - Rain/NSCSCC/cpu_axi/project_1.srcs/sources_1/new/Top.v:275]
WARNING: [Synth 8-992] PCSrc_ID_EX is already implicitly declared earlier [C:/Users/Microapple/OneDrive - Rain/NSCSCC/cpu_axi/project_1.srcs/sources_1/new/Top.v:276]
WARNING: [Synth 8-992] ERET_ID_EX is already implicitly declared earlier [C:/Users/Microapple/OneDrive - Rain/NSCSCC/cpu_axi/project_1.srcs/sources_1/new/Top.v:291]
WARNING: [Synth 8-992] WAddr_EX is already implicitly declared earlier [C:/Users/Microapple/OneDrive - Rain/NSCSCC/cpu_axi/project_1.srcs/sources_1/new/Top.v:358]
WARNING: [Synth 8-992] MDUPause_EX is already implicitly declared earlier [C:/Users/Microapple/OneDrive - Rain/NSCSCC/cpu_axi/project_1.srcs/sources_1/new/Top.v:366]
WARNING: [Synth 8-992] PC_EX_MEM is already implicitly declared earlier [C:/Users/Microapple/OneDrive - Rain/NSCSCC/cpu_axi/project_1.srcs/sources_1/new/Top.v:395]
WARNING: [Synth 8-992] WAddr_EX_MEM is already implicitly declared earlier [C:/Users/Microapple/OneDrive - Rain/NSCSCC/cpu_axi/project_1.srcs/sources_1/new/Top.v:402]
WARNING: [Synth 8-992] RegWrite_EX_MEM is already implicitly declared earlier [C:/Users/Microapple/OneDrive - Rain/NSCSCC/cpu_axi/project_1.srcs/sources_1/new/Top.v:403]
WARNING: [Synth 8-992] HIWrite_EX_MEM is already implicitly declared earlier [C:/Users/Microapple/OneDrive - Rain/NSCSCC/cpu_axi/project_1.srcs/sources_1/new/Top.v:404]
WARNING: [Synth 8-992] LOWrite_EX_MEM is already implicitly declared earlier [C:/Users/Microapple/OneDrive - Rain/NSCSCC/cpu_axi/project_1.srcs/sources_1/new/Top.v:405]
WARNING: [Synth 8-992] HILOWrite_EX_MEM is already implicitly declared earlier [C:/Users/Microapple/OneDrive - Rain/NSCSCC/cpu_axi/project_1.srcs/sources_1/new/Top.v:406]
WARNING: [Synth 8-992] ERET_EX_MEM is already implicitly declared earlier [C:/Users/Microapple/OneDrive - Rain/NSCSCC/cpu_axi/project_1.srcs/sources_1/new/Top.v:417]
WARNING: [Synth 8-992] PCSrc_MEM is already implicitly declared earlier [C:/Users/Microapple/OneDrive - Rain/NSCSCC/cpu_axi/project_1.srcs/sources_1/new/Top.v:485]
WARNING: [Synth 8-992] RegWrite_MEM_WB is already implicitly declared earlier [C:/Users/Microapple/OneDrive - Rain/NSCSCC/cpu_axi/project_1.srcs/sources_1/new/Top.v:519]
WARNING: [Synth 8-992] HIWrite_MEM_WB is already implicitly declared earlier [C:/Users/Microapple/OneDrive - Rain/NSCSCC/cpu_axi/project_1.srcs/sources_1/new/Top.v:520]
WARNING: [Synth 8-992] LOWrite_MEM_WB is already implicitly declared earlier [C:/Users/Microapple/OneDrive - Rain/NSCSCC/cpu_axi/project_1.srcs/sources_1/new/Top.v:521]
WARNING: [Synth 8-992] HILOWrite_MEM_WB is already implicitly declared earlier [C:/Users/Microapple/OneDrive - Rain/NSCSCC/cpu_axi/project_1.srcs/sources_1/new/Top.v:522]
WARNING: [Synth 8-992] WAddr_MEM_WB is already implicitly declared earlier [C:/Users/Microapple/OneDrive - Rain/NSCSCC/cpu_axi/project_1.srcs/sources_1/new/Top.v:525]
WARNING: [Synth 8-992] HILO_MEM_WB is already implicitly declared earlier [C:/Users/Microapple/OneDrive - Rain/NSCSCC/cpu_axi/project_1.srcs/sources_1/new/Top.v:527]
WARNING: [Synth 8-992] ERET_MEM_WB is already implicitly declared earlier [C:/Users/Microapple/OneDrive - Rain/NSCSCC/cpu_axi/project_1.srcs/sources_1/new/Top.v:529]
WARNING: [Synth 8-992] WData_WB is already implicitly declared earlier [C:/Users/Microapple/OneDrive - Rain/NSCSCC/cpu_axi/project_1.srcs/sources_1/new/Top.v:578]
WARNING: [Synth 8-992] PC_WB is already implicitly declared earlier [C:/Users/Microapple/OneDrive - Rain/NSCSCC/cpu_axi/project_1.srcs/sources_1/new/Top.v:579]
---------------------------------------------------------------------------------
Starting RTL Elaboration : Time (s): cpu = 00:00:02 ; elapsed = 00:00:03 . Memory (MB): peak = 1619.457 ; gain = 266.543
---------------------------------------------------------------------------------
INFO: [Synth 8-6157] synthesizing module 'Top' [C:/Users/Microapple/OneDrive - Rain/NSCSCC/cpu_axi/project_1.srcs/sources_1/new/Top.v:3]
INFO: [Synth 8-6157] synthesizing module 'cpu_axi_interface' [C:/Users/Microapple/OneDrive - Rain/NSCSCC/cpu_axi/project_1.srcs/sources_1/new/cpu_axi_interface.v:34]
INFO: [Synth 8-6155] done synthesizing module 'cpu_axi_interface' (1#1) [C:/Users/Microapple/OneDrive - Rain/NSCSCC/cpu_axi/project_1.srcs/sources_1/new/cpu_axi_interface.v:34]
INFO: [Synth 8-6157] synthesizing module 'CU' [C:/Users/Microapple/OneDrive - Rain/NSCSCC/cpu_axi/project_1.srcs/sources_1/new/CU.v:3]
INFO: [Synth 8-6157] synthesizing module 'WRConflict' [C:/Users/Microapple/OneDrive - Rain/NSCSCC/cpu_axi/project_1.srcs/sources_1/new/WRConflict.v:3]
INFO: [Synth 8-6155] done synthesizing module 'WRConflict' (2#1) [C:/Users/Microapple/OneDrive - Rain/NSCSCC/cpu_axi/project_1.srcs/sources_1/new/WRConflict.v:3]
INFO: [Synth 8-6155] done synthesizing module 'CU' (3#1) [C:/Users/Microapple/OneDrive - Rain/NSCSCC/cpu_axi/project_1.srcs/sources_1/new/CU.v:3]
INFO: [Synth 8-6157] synthesizing module 'IF' [C:/Users/Microapple/OneDrive - Rain/NSCSCC/cpu_axi/project_1.srcs/sources_1/new/IF.v:3]
INFO: [Synth 8-6157] synthesizing module 'PC' [C:/Users/Microapple/OneDrive - Rain/NSCSCC/cpu_axi/project_1.srcs/sources_1/new/PC.v:3]
INFO: [Synth 8-6155] done synthesizing module 'PC' (4#1) [C:/Users/Microapple/OneDrive - Rain/NSCSCC/cpu_axi/project_1.srcs/sources_1/new/PC.v:3]
INFO: [Synth 8-6155] done synthesizing module 'IF' (5#1) [C:/Users/Microapple/OneDrive - Rain/NSCSCC/cpu_axi/project_1.srcs/sources_1/new/IF.v:3]
INFO: [Synth 8-6157] synthesizing module 'IF_ID' [C:/Users/Microapple/OneDrive - Rain/NSCSCC/cpu_axi/project_1.srcs/sources_1/new/IF_ID.v:3]
INFO: [Synth 8-6155] done synthesizing module 'IF_ID' (6#1) [C:/Users/Microapple/OneDrive - Rain/NSCSCC/cpu_axi/project_1.srcs/sources_1/new/IF_ID.v:3]
INFO: [Synth 8-6157] synthesizing module 'ID' [C:/Users/Microapple/OneDrive - Rain/NSCSCC/cpu_axi/project_1.srcs/sources_1/new/ID.v:3]
INFO: [Synth 8-6157] synthesizing module 'ID1' [C:/Users/Microapple/OneDrive - Rain/NSCSCC/cpu_axi/project_1.srcs/sources_1/new/ID1.v:3]
INFO: [Synth 8-6155] done synthesizing module 'ID1' (7#1) [C:/Users/Microapple/OneDrive - Rain/NSCSCC/cpu_axi/project_1.srcs/sources_1/new/ID1.v:3]
INFO: [Synth 8-6157] synthesizing module 'ID2' [C:/Users/Microapple/OneDrive - Rain/NSCSCC/cpu_axi/project_1.srcs/sources_1/new/ID2.v:3]
INFO: [Synth 8-6155] done synthesizing module 'ID2' (8#1) [C:/Users/Microapple/OneDrive - Rain/NSCSCC/cpu_axi/project_1.srcs/sources_1/new/ID2.v:3]
INFO: [Synth 8-6157] synthesizing module 'RegHILO' [C:/Users/Microapple/OneDrive - Rain/NSCSCC/cpu_axi/project_1.srcs/sources_1/new/RegHILO.v:3]
INFO: [Synth 8-6155] done synthesizing module 'RegHILO' (9#1) [C:/Users/Microapple/OneDrive - Rain/NSCSCC/cpu_axi/project_1.srcs/sources_1/new/RegHILO.v:3]
INFO: [Synth 8-6157] synthesizing module 'RegFile' [C:/Users/Microapple/OneDrive - Rain/NSCSCC/cpu_axi/project_1.srcs/sources_1/new/RegFile.v:3]
INFO: [Synth 8-6155] done synthesizing module 'RegFile' (10#1) [C:/Users/Microapple/OneDrive - Rain/NSCSCC/cpu_axi/project_1.srcs/sources_1/new/RegFile.v:3]
INFO: [Synth 8-6155] done synthesizing module 'ID' (11#1) [C:/Users/Microapple/OneDrive - Rain/NSCSCC/cpu_axi/project_1.srcs/sources_1/new/ID.v:3]
INFO: [Synth 8-6157] synthesizing module 'ID_EX' [C:/Users/Microapple/OneDrive - Rain/NSCSCC/cpu_axi/project_1.srcs/sources_1/new/ID_EX.v:3]
INFO: [Synth 8-6155] done synthesizing module 'ID_EX' (12#1) [C:/Users/Microapple/OneDrive - Rain/NSCSCC/cpu_axi/project_1.srcs/sources_1/new/ID_EX.v:3]
INFO: [Synth 8-6157] synthesizing module 'EX' [C:/Users/Microapple/OneDrive - Rain/NSCSCC/cpu_axi/project_1.srcs/sources_1/new/EX.v:3]
INFO: [Synth 8-226] default block is never used [C:/Users/Microapple/OneDrive - Rain/NSCSCC/cpu_axi/project_1.srcs/sources_1/new/EX.v:33]
INFO: [Synth 8-6157] synthesizing module 'ALU' [C:/Users/Microapple/OneDrive - Rain/NSCSCC/cpu_axi/project_1.srcs/sources_1/new/ALU.v:3]
INFO: [Synth 8-6155] done synthesizing module 'ALU' (13#1) [C:/Users/Microapple/OneDrive - Rain/NSCSCC/cpu_axi/project_1.srcs/sources_1/new/ALU.v:3]
INFO: [Synth 8-6157] synthesizing module 'MDU' [C:/Users/Microapple/OneDrive - Rain/NSCSCC/cpu_axi/project_1.srcs/sources_1/imports/new/MDU.v:3]
INFO: [Synth 8-6157] synthesizing module 'div' [C:/Users/Microapple/OneDrive - Rain/NSCSCC/cpu_axi/.Xil/Vivado-246908-DESKTOP-9V8F9RL/realtime/div_stub.v:6]
INFO: [Synth 8-6155] done synthesizing module 'div' (14#1) [C:/Users/Microapple/OneDrive - Rain/NSCSCC/cpu_axi/.Xil/Vivado-246908-DESKTOP-9V8F9RL/realtime/div_stub.v:6]
INFO: [Synth 8-6157] synthesizing module 'divu' [C:/Users/Microapple/OneDrive - Rain/NSCSCC/cpu_axi/.Xil/Vivado-246908-DESKTOP-9V8F9RL/realtime/divu_stub.v:6]
INFO: [Synth 8-6155] done synthesizing module 'divu' (15#1) [C:/Users/Microapple/OneDrive - Rain/NSCSCC/cpu_axi/.Xil/Vivado-246908-DESKTOP-9V8F9RL/realtime/divu_stub.v:6]
INFO: [Synth 8-6155] done synthesizing module 'MDU' (16#1) [C:/Users/Microapple/OneDrive - Rain/NSCSCC/cpu_axi/project_1.srcs/sources_1/imports/new/MDU.v:3]
INFO: [Synth 8-6155] done synthesizing module 'EX' (17#1) [C:/Users/Microapple/OneDrive - Rain/NSCSCC/cpu_axi/project_1.srcs/sources_1/new/EX.v:3]
INFO: [Synth 8-6157] synthesizing module 'EX_MEM' [C:/Users/Microapple/OneDrive - Rain/NSCSCC/cpu_axi/project_1.srcs/sources_1/new/EX_MEM.v:3]
INFO: [Synth 8-6155] done synthesizing module 'EX_MEM' (18#1) [C:/Users/Microapple/OneDrive - Rain/NSCSCC/cpu_axi/project_1.srcs/sources_1/new/EX_MEM.v:3]
INFO: [Synth 8-6157] synthesizing module 'MEM' [C:/Users/Microapple/OneDrive - Rain/NSCSCC/cpu_axi/project_1.srcs/sources_1/new/MEM.v:3]
INFO: [Synth 8-6155] done synthesizing module 'MEM' (19#1) [C:/Users/Microapple/OneDrive - Rain/NSCSCC/cpu_axi/project_1.srcs/sources_1/new/MEM.v:3]
INFO: [Synth 8-6157] synthesizing module 'MEM_WB' [C:/Users/Microapple/OneDrive - Rain/NSCSCC/cpu_axi/project_1.srcs/sources_1/new/MEM_WB.v:3]
INFO: [Synth 8-6155] done synthesizing module 'MEM_WB' (20#1) [C:/Users/Microapple/OneDrive - Rain/NSCSCC/cpu_axi/project_1.srcs/sources_1/new/MEM_WB.v:3]
INFO: [Synth 8-6157] synthesizing module 'WB' [C:/Users/Microapple/OneDrive - Rain/NSCSCC/cpu_axi/project_1.srcs/sources_1/new/WB.v:3]
INFO: [Synth 8-6157] synthesizing module 'CP0' [C:/Users/Microapple/OneDrive - Rain/NSCSCC/cpu_axi/project_1.srcs/sources_1/new/CP0.v:3]
INFO: [Synth 8-6155] done synthesizing module 'CP0' (21#1) [C:/Users/Microapple/OneDrive - Rain/NSCSCC/cpu_axi/project_1.srcs/sources_1/new/CP0.v:3]
INFO: [Synth 8-6155] done synthesizing module 'WB' (22#1) [C:/Users/Microapple/OneDrive - Rain/NSCSCC/cpu_axi/project_1.srcs/sources_1/new/WB.v:3]
INFO: [Synth 8-6155] done synthesizing module 'Top' (23#1) [C:/Users/Microapple/OneDrive - Rain/NSCSCC/cpu_axi/project_1.srcs/sources_1/new/Top.v:3]
---------------------------------------------------------------------------------
Finished RTL Elaboration : Time (s): cpu = 00:00:03 ; elapsed = 00:00:04 . Memory (MB): peak = 1693.777 ; gain = 340.863
---------------------------------------------------------------------------------
---------------------------------------------------------------------------------
Start Handling Custom Attributes
---------------------------------------------------------------------------------
---------------------------------------------------------------------------------
Finished Handling Custom Attributes : Time (s): cpu = 00:00:03 ; elapsed = 00:00:04 . Memory (MB): peak = 1693.777 ; gain = 340.863
---------------------------------------------------------------------------------
---------------------------------------------------------------------------------
Finished RTL Optimization Phase 1 : Time (s): cpu = 00:00:03 ; elapsed = 00:00:04 . Memory (MB): peak = 1693.777 ; gain = 340.863
---------------------------------------------------------------------------------
INFO: [Project 1-454] Reading design checkpoint 'c:/Users/Microapple/OneDrive - Rain/NSCSCC/cpu_axi/project_1.gen/sources_1/ip/div/div.dcp' for cell 'ex/mdu/div1'
INFO: [Project 1-454] Reading design checkpoint 'c:/Users/Microapple/OneDrive - Rain/NSCSCC/cpu_axi/project_1.gen/sources_1/ip/divu/divu.dcp' for cell 'ex/mdu/div2'
Netlist sorting complete. Time (s): cpu = 00:00:00 ; elapsed = 00:00:00.123 . Memory (MB): peak = 1693.777 ; gain = 0.000
INFO: [Netlist 29-17] Analyzing 130 Unisim elements for replacement
INFO: [Netlist 29-28] Unisim Transformation completed in 0 CPU seconds
INFO: [Project 1-479] Netlist was created with Vivado 2021.1
INFO: [Project 1-570] Preparing netlist for logic optimization

Processing XDC Constraints
Initializing timing engine
Completed Processing XDC Constraints

Netlist sorting complete. Time (s): cpu = 00:00:00 ; elapsed = 00:00:00.002 . Memory (MB): peak = 1826.934 ; gain = 0.000
INFO: [Project 1-111] Unisim Transformation Summary:
No Unisim elements were transformed.

RTL Elaboration Complete:  : Time (s): cpu = 00:00:14 ; elapsed = 00:00:09 . Memory (MB): peak = 1976.824 ; gain = 623.910
55 Infos, 34 Warnings, 0 Critical Warnings and 0 Errors encountered.
synth_design completed successfully
synth_design: Time (s): cpu = 00:00:17 ; elapsed = 00:00:11 . Memory (MB): peak = 1976.824 ; gain = 857.766
close_design
synth_design -rtl -rtl_skip_mlo -name rtl_1
Command: synth_design -rtl -rtl_skip_mlo -name rtl_1
Starting synth_design
Using part: xc7a200tfbg676-1
Top: Top
WARNING: [Synth 8-992] IMPause_IF is already implicitly declared earlier [C:/Users/Microapple/OneDrive - Rain/NSCSCC/cpu_axi/project_1.srcs/sources_1/new/Top.v:147]
WARNING: [Synth 8-992] PC_ID is already implicitly declared earlier [C:/Users/Microapple/OneDrive - Rain/NSCSCC/cpu_axi/project_1.srcs/sources_1/new/Top.v:186]
WARNING: [Synth 8-992] rs_ID is already implicitly declared earlier [C:/Users/Microapple/OneDrive - Rain/NSCSCC/cpu_axi/project_1.srcs/sources_1/new/Top.v:190]
WARNING: [Synth 8-992] rt_ID is already implicitly declared earlier [C:/Users/Microapple/OneDrive - Rain/NSCSCC/cpu_axi/project_1.srcs/sources_1/new/Top.v:191]
WARNING: [Synth 8-992] PCSrc_ID is already implicitly declared earlier [C:/Users/Microapple/OneDrive - Rain/NSCSCC/cpu_axi/project_1.srcs/sources_1/new/Top.v:198]
WARNING: [Synth 8-992] PCSrcForward_ID is already implicitly declared earlier [C:/Users/Microapple/OneDrive - Rain/NSCSCC/cpu_axi/project_1.srcs/sources_1/new/Top.v:199]
WARNING: [Synth 8-992] RDataValid_ID is already implicitly declared earlier [C:/Users/Microapple/OneDrive - Rain/NSCSCC/cpu_axi/project_1.srcs/sources_1/new/Top.v:212]
WARNING: [Synth 8-992] HILOValid_ID is already implicitly declared earlier [C:/Users/Microapple/OneDrive - Rain/NSCSCC/cpu_axi/project_1.srcs/sources_1/new/Top.v:213]
WARNING: [Synth 8-992] ERET_ID is already implicitly declared earlier [C:/Users/Microapple/OneDrive - Rain/NSCSCC/cpu_axi/project_1.srcs/sources_1/new/Top.v:215]
WARNING: [Synth 8-992] RegWrite_ID_EX is already implicitly declared earlier [C:/Users/Microapple/OneDrive - Rain/NSCSCC/cpu_axi/project_1.srcs/sources_1/new/Top.v:272]
WARNING: [Synth 8-992] HIWrite_ID_EX is already implicitly declared earlier [C:/Users/Microapple/OneDrive - Rain/NSCSCC/cpu_axi/project_1.srcs/sources_1/new/Top.v:273]
WARNING: [Synth 8-992] LOWrite_ID_EX is already implicitly declared earlier [C:/Users/Microapple/OneDrive - Rain/NSCSCC/cpu_axi/project_1.srcs/sources_1/new/Top.v:274]
WARNING: [Synth 8-992] HILOWrite_ID_EX is already implicitly declared earlier [C:/Users/Microapple/OneDrive - Rain/NSCSCC/cpu_axi/project_1.srcs/sources_1/new/Top.v:275]
WARNING: [Synth 8-992] PCSrc_ID_EX is already implicitly declared earlier [C:/Users/Microapple/OneDrive - Rain/NSCSCC/cpu_axi/project_1.srcs/sources_1/new/Top.v:276]
WARNING: [Synth 8-992] ERET_ID_EX is already implicitly declared earlier [C:/Users/Microapple/OneDrive - Rain/NSCSCC/cpu_axi/project_1.srcs/sources_1/new/Top.v:291]
WARNING: [Synth 8-992] WAddr_EX is already implicitly declared earlier [C:/Users/Microapple/OneDrive - Rain/NSCSCC/cpu_axi/project_1.srcs/sources_1/new/Top.v:358]
WARNING: [Synth 8-992] MDUPause_EX is already implicitly declared earlier [C:/Users/Microapple/OneDrive - Rain/NSCSCC/cpu_axi/project_1.srcs/sources_1/new/Top.v:366]
WARNING: [Synth 8-992] PC_EX_MEM is already implicitly declared earlier [C:/Users/Microapple/OneDrive - Rain/NSCSCC/cpu_axi/project_1.srcs/sources_1/new/Top.v:395]
WARNING: [Synth 8-992] WAddr_EX_MEM is already implicitly declared earlier [C:/Users/Microapple/OneDrive - Rain/NSCSCC/cpu_axi/project_1.srcs/sources_1/new/Top.v:402]
WARNING: [Synth 8-992] RegWrite_EX_MEM is already implicitly declared earlier [C:/Users/Microapple/OneDrive - Rain/NSCSCC/cpu_axi/project_1.srcs/sources_1/new/Top.v:403]
WARNING: [Synth 8-992] HIWrite_EX_MEM is already implicitly declared earlier [C:/Users/Microapple/OneDrive - Rain/NSCSCC/cpu_axi/project_1.srcs/sources_1/new/Top.v:404]
WARNING: [Synth 8-992] LOWrite_EX_MEM is already implicitly declared earlier [C:/Users/Microapple/OneDrive - Rain/NSCSCC/cpu_axi/project_1.srcs/sources_1/new/Top.v:405]
WARNING: [Synth 8-992] HILOWrite_EX_MEM is already implicitly declared earlier [C:/Users/Microapple/OneDrive - Rain/NSCSCC/cpu_axi/project_1.srcs/sources_1/new/Top.v:406]
WARNING: [Synth 8-992] ERET_EX_MEM is already implicitly declared earlier [C:/Users/Microapple/OneDrive - Rain/NSCSCC/cpu_axi/project_1.srcs/sources_1/new/Top.v:417]
WARNING: [Synth 8-992] PCSrc_MEM is already implicitly declared earlier [C:/Users/Microapple/OneDrive - Rain/NSCSCC/cpu_axi/project_1.srcs/sources_1/new/Top.v:485]
WARNING: [Synth 8-992] RegWrite_MEM_WB is already implicitly declared earlier [C:/Users/Microapple/OneDrive - Rain/NSCSCC/cpu_axi/project_1.srcs/sources_1/new/Top.v:519]
WARNING: [Synth 8-992] HIWrite_MEM_WB is already implicitly declared earlier [C:/Users/Microapple/OneDrive - Rain/NSCSCC/cpu_axi/project_1.srcs/sources_1/new/Top.v:520]
WARNING: [Synth 8-992] LOWrite_MEM_WB is already implicitly declared earlier [C:/Users/Microapple/OneDrive - Rain/NSCSCC/cpu_axi/project_1.srcs/sources_1/new/Top.v:521]
WARNING: [Synth 8-992] HILOWrite_MEM_WB is already implicitly declared earlier [C:/Users/Microapple/OneDrive - Rain/NSCSCC/cpu_axi/project_1.srcs/sources_1/new/Top.v:522]
WARNING: [Synth 8-992] WAddr_MEM_WB is already implicitly declared earlier [C:/Users/Microapple/OneDrive - Rain/NSCSCC/cpu_axi/project_1.srcs/sources_1/new/Top.v:525]
WARNING: [Synth 8-992] HILO_MEM_WB is already implicitly declared earlier [C:/Users/Microapple/OneDrive - Rain/NSCSCC/cpu_axi/project_1.srcs/sources_1/new/Top.v:527]
WARNING: [Synth 8-992] ERET_MEM_WB is already implicitly declared earlier [C:/Users/Microapple/OneDrive - Rain/NSCSCC/cpu_axi/project_1.srcs/sources_1/new/Top.v:529]
WARNING: [Synth 8-992] WData_WB is already implicitly declared earlier [C:/Users/Microapple/OneDrive - Rain/NSCSCC/cpu_axi/project_1.srcs/sources_1/new/Top.v:578]
WARNING: [Synth 8-992] PC_WB is already implicitly declared earlier [C:/Users/Microapple/OneDrive - Rain/NSCSCC/cpu_axi/project_1.srcs/sources_1/new/Top.v:579]
---------------------------------------------------------------------------------
Starting RTL Elaboration : Time (s): cpu = 00:00:03 ; elapsed = 00:00:03 . Memory (MB): peak = 1994.012 ; gain = 0.000
---------------------------------------------------------------------------------
INFO: [Synth 8-6157] synthesizing module 'Top' [C:/Users/Microapple/OneDrive - Rain/NSCSCC/cpu_axi/project_1.srcs/sources_1/new/Top.v:3]
INFO: [Synth 8-6157] synthesizing module 'cpu_axi_interface' [C:/Users/Microapple/OneDrive - Rain/NSCSCC/cpu_axi/project_1.srcs/sources_1/new/cpu_axi_interface.v:34]
INFO: [Synth 8-6155] done synthesizing module 'cpu_axi_interface' (1#1) [C:/Users/Microapple/OneDrive - Rain/NSCSCC/cpu_axi/project_1.srcs/sources_1/new/cpu_axi_interface.v:34]
INFO: [Synth 8-6157] synthesizing module 'CU' [C:/Users/Microapple/OneDrive - Rain/NSCSCC/cpu_axi/project_1.srcs/sources_1/new/CU.v:3]
INFO: [Synth 8-6157] synthesizing module 'WRConflict' [C:/Users/Microapple/OneDrive - Rain/NSCSCC/cpu_axi/project_1.srcs/sources_1/new/WRConflict.v:3]
INFO: [Synth 8-6155] done synthesizing module 'WRConflict' (2#1) [C:/Users/Microapple/OneDrive - Rain/NSCSCC/cpu_axi/project_1.srcs/sources_1/new/WRConflict.v:3]
INFO: [Synth 8-6155] done synthesizing module 'CU' (3#1) [C:/Users/Microapple/OneDrive - Rain/NSCSCC/cpu_axi/project_1.srcs/sources_1/new/CU.v:3]
INFO: [Synth 8-6157] synthesizing module 'IF' [C:/Users/Microapple/OneDrive - Rain/NSCSCC/cpu_axi/project_1.srcs/sources_1/new/IF.v:3]
INFO: [Synth 8-6157] synthesizing module 'PC' [C:/Users/Microapple/OneDrive - Rain/NSCSCC/cpu_axi/project_1.srcs/sources_1/new/PC.v:3]
INFO: [Synth 8-6155] done synthesizing module 'PC' (4#1) [C:/Users/Microapple/OneDrive - Rain/NSCSCC/cpu_axi/project_1.srcs/sources_1/new/PC.v:3]
INFO: [Synth 8-6155] done synthesizing module 'IF' (5#1) [C:/Users/Microapple/OneDrive - Rain/NSCSCC/cpu_axi/project_1.srcs/sources_1/new/IF.v:3]
INFO: [Synth 8-6157] synthesizing module 'IF_ID' [C:/Users/Microapple/OneDrive - Rain/NSCSCC/cpu_axi/project_1.srcs/sources_1/new/IF_ID.v:3]
INFO: [Synth 8-6155] done synthesizing module 'IF_ID' (6#1) [C:/Users/Microapple/OneDrive - Rain/NSCSCC/cpu_axi/project_1.srcs/sources_1/new/IF_ID.v:3]
INFO: [Synth 8-6157] synthesizing module 'ID' [C:/Users/Microapple/OneDrive - Rain/NSCSCC/cpu_axi/project_1.srcs/sources_1/new/ID.v:3]
INFO: [Synth 8-6157] synthesizing module 'ID1' [C:/Users/Microapple/OneDrive - Rain/NSCSCC/cpu_axi/project_1.srcs/sources_1/new/ID1.v:3]
INFO: [Synth 8-6155] done synthesizing module 'ID1' (7#1) [C:/Users/Microapple/OneDrive - Rain/NSCSCC/cpu_axi/project_1.srcs/sources_1/new/ID1.v:3]
INFO: [Synth 8-6157] synthesizing module 'ID2' [C:/Users/Microapple/OneDrive - Rain/NSCSCC/cpu_axi/project_1.srcs/sources_1/new/ID2.v:3]
INFO: [Synth 8-6155] done synthesizing module 'ID2' (8#1) [C:/Users/Microapple/OneDrive - Rain/NSCSCC/cpu_axi/project_1.srcs/sources_1/new/ID2.v:3]
INFO: [Synth 8-6157] synthesizing module 'RegHILO' [C:/Users/Microapple/OneDrive - Rain/NSCSCC/cpu_axi/project_1.srcs/sources_1/new/RegHILO.v:3]
INFO: [Synth 8-6155] done synthesizing module 'RegHILO' (9#1) [C:/Users/Microapple/OneDrive - Rain/NSCSCC/cpu_axi/project_1.srcs/sources_1/new/RegHILO.v:3]
INFO: [Synth 8-6157] synthesizing module 'RegFile' [C:/Users/Microapple/OneDrive - Rain/NSCSCC/cpu_axi/project_1.srcs/sources_1/new/RegFile.v:3]
INFO: [Synth 8-6155] done synthesizing module 'RegFile' (10#1) [C:/Users/Microapple/OneDrive - Rain/NSCSCC/cpu_axi/project_1.srcs/sources_1/new/RegFile.v:3]
INFO: [Synth 8-6155] done synthesizing module 'ID' (11#1) [C:/Users/Microapple/OneDrive - Rain/NSCSCC/cpu_axi/project_1.srcs/sources_1/new/ID.v:3]
INFO: [Synth 8-6157] synthesizing module 'ID_EX' [C:/Users/Microapple/OneDrive - Rain/NSCSCC/cpu_axi/project_1.srcs/sources_1/new/ID_EX.v:3]
INFO: [Synth 8-6155] done synthesizing module 'ID_EX' (12#1) [C:/Users/Microapple/OneDrive - Rain/NSCSCC/cpu_axi/project_1.srcs/sources_1/new/ID_EX.v:3]
INFO: [Synth 8-6157] synthesizing module 'EX' [C:/Users/Microapple/OneDrive - Rain/NSCSCC/cpu_axi/project_1.srcs/sources_1/new/EX.v:3]
INFO: [Synth 8-226] default block is never used [C:/Users/Microapple/OneDrive - Rain/NSCSCC/cpu_axi/project_1.srcs/sources_1/new/EX.v:33]
INFO: [Synth 8-6157] synthesizing module 'ALU' [C:/Users/Microapple/OneDrive - Rain/NSCSCC/cpu_axi/project_1.srcs/sources_1/new/ALU.v:3]
INFO: [Synth 8-6155] done synthesizing module 'ALU' (13#1) [C:/Users/Microapple/OneDrive - Rain/NSCSCC/cpu_axi/project_1.srcs/sources_1/new/ALU.v:3]
INFO: [Synth 8-6157] synthesizing module 'MDU' [C:/Users/Microapple/OneDrive - Rain/NSCSCC/cpu_axi/project_1.srcs/sources_1/imports/new/MDU.v:3]
INFO: [Synth 8-6157] synthesizing module 'div' [C:/Users/Microapple/OneDrive - Rain/NSCSCC/cpu_axi/.Xil/Vivado-246908-DESKTOP-9V8F9RL/realtime/div_stub.v:6]
INFO: [Synth 8-6155] done synthesizing module 'div' (14#1) [C:/Users/Microapple/OneDrive - Rain/NSCSCC/cpu_axi/.Xil/Vivado-246908-DESKTOP-9V8F9RL/realtime/div_stub.v:6]
INFO: [Synth 8-6157] synthesizing module 'divu' [C:/Users/Microapple/OneDrive - Rain/NSCSCC/cpu_axi/.Xil/Vivado-246908-DESKTOP-9V8F9RL/realtime/divu_stub.v:6]
INFO: [Synth 8-6155] done synthesizing module 'divu' (15#1) [C:/Users/Microapple/OneDrive - Rain/NSCSCC/cpu_axi/.Xil/Vivado-246908-DESKTOP-9V8F9RL/realtime/divu_stub.v:6]
INFO: [Synth 8-6155] done synthesizing module 'MDU' (16#1) [C:/Users/Microapple/OneDrive - Rain/NSCSCC/cpu_axi/project_1.srcs/sources_1/imports/new/MDU.v:3]
INFO: [Synth 8-6155] done synthesizing module 'EX' (17#1) [C:/Users/Microapple/OneDrive - Rain/NSCSCC/cpu_axi/project_1.srcs/sources_1/new/EX.v:3]
INFO: [Synth 8-6157] synthesizing module 'EX_MEM' [C:/Users/Microapple/OneDrive - Rain/NSCSCC/cpu_axi/project_1.srcs/sources_1/new/EX_MEM.v:3]
INFO: [Synth 8-6155] done synthesizing module 'EX_MEM' (18#1) [C:/Users/Microapple/OneDrive - Rain/NSCSCC/cpu_axi/project_1.srcs/sources_1/new/EX_MEM.v:3]
INFO: [Synth 8-6157] synthesizing module 'MEM' [C:/Users/Microapple/OneDrive - Rain/NSCSCC/cpu_axi/project_1.srcs/sources_1/new/MEM.v:3]
INFO: [Synth 8-6155] done synthesizing module 'MEM' (19#1) [C:/Users/Microapple/OneDrive - Rain/NSCSCC/cpu_axi/project_1.srcs/sources_1/new/MEM.v:3]
INFO: [Synth 8-6157] synthesizing module 'MEM_WB' [C:/Users/Microapple/OneDrive - Rain/NSCSCC/cpu_axi/project_1.srcs/sources_1/new/MEM_WB.v:3]
INFO: [Synth 8-6155] done synthesizing module 'MEM_WB' (20#1) [C:/Users/Microapple/OneDrive - Rain/NSCSCC/cpu_axi/project_1.srcs/sources_1/new/MEM_WB.v:3]
INFO: [Synth 8-6157] synthesizing module 'WB' [C:/Users/Microapple/OneDrive - Rain/NSCSCC/cpu_axi/project_1.srcs/sources_1/new/WB.v:3]
INFO: [Synth 8-6157] synthesizing module 'CP0' [C:/Users/Microapple/OneDrive - Rain/NSCSCC/cpu_axi/project_1.srcs/sources_1/new/CP0.v:3]
INFO: [Synth 8-6155] done synthesizing module 'CP0' (21#1) [C:/Users/Microapple/OneDrive - Rain/NSCSCC/cpu_axi/project_1.srcs/sources_1/new/CP0.v:3]
INFO: [Synth 8-6155] done synthesizing module 'WB' (22#1) [C:/Users/Microapple/OneDrive - Rain/NSCSCC/cpu_axi/project_1.srcs/sources_1/new/WB.v:3]
INFO: [Synth 8-6155] done synthesizing module 'Top' (23#1) [C:/Users/Microapple/OneDrive - Rain/NSCSCC/cpu_axi/project_1.srcs/sources_1/new/Top.v:3]
---------------------------------------------------------------------------------
Finished RTL Elaboration : Time (s): cpu = 00:00:04 ; elapsed = 00:00:04 . Memory (MB): peak = 1994.012 ; gain = 0.000
---------------------------------------------------------------------------------
---------------------------------------------------------------------------------
Start Handling Custom Attributes
---------------------------------------------------------------------------------
---------------------------------------------------------------------------------
Finished Handling Custom Attributes : Time (s): cpu = 00:00:04 ; elapsed = 00:00:04 . Memory (MB): peak = 1994.012 ; gain = 0.000
---------------------------------------------------------------------------------
---------------------------------------------------------------------------------
Finished RTL Optimization Phase 1 : Time (s): cpu = 00:00:04 ; elapsed = 00:00:04 . Memory (MB): peak = 1994.012 ; gain = 0.000
---------------------------------------------------------------------------------
INFO: [Project 1-454] Reading design checkpoint 'c:/Users/Microapple/OneDrive - Rain/NSCSCC/cpu_axi/project_1.gen/sources_1/ip/div/div.dcp' for cell 'ex/mdu/div1'
INFO: [Project 1-454] Reading design checkpoint 'c:/Users/Microapple/OneDrive - Rain/NSCSCC/cpu_axi/project_1.gen/sources_1/ip/divu/divu.dcp' for cell 'ex/mdu/div2'
Netlist sorting complete. Time (s): cpu = 00:00:01 ; elapsed = 00:00:00.122 . Memory (MB): peak = 1994.012 ; gain = 0.000
INFO: [Netlist 29-17] Analyzing 130 Unisim elements for replacement
INFO: [Netlist 29-28] Unisim Transformation completed in 0 CPU seconds
INFO: [Project 1-479] Netlist was created with Vivado 2021.1
INFO: [Project 1-570] Preparing netlist for logic optimization

Processing XDC Constraints
Initializing timing engine
Completed Processing XDC Constraints

Netlist sorting complete. Time (s): cpu = 00:00:00 ; elapsed = 00:00:00.002 . Memory (MB): peak = 1994.012 ; gain = 0.000
INFO: [Project 1-111] Unisim Transformation Summary:
No Unisim elements were transformed.

RTL Elaboration Complete:  : Time (s): cpu = 00:00:10 ; elapsed = 00:00:07 . Memory (MB): peak = 1994.012 ; gain = 0.000
54 Infos, 34 Warnings, 0 Critical Warnings and 0 Errors encountered.
synth_design completed successfully
synth_design: Time (s): cpu = 00:00:10 ; elapsed = 00:00:07 . Memory (MB): peak = 1994.012 ; gain = 0.000
refresh_design
ERROR: [Synth 8-1852] concurrent assignment to a non-net IMPause is not permitted [C:/Users/Microapple/OneDrive - Rain/NSCSCC/cpu_axi/project_1.srcs/sources_1/new/IF.v:53]
INFO: [Synth 8-2350] module IF ignored due to previous errors [C:/Users/Microapple/OneDrive - Rain/NSCSCC/cpu_axi/project_1.srcs/sources_1/new/IF.v:3]
Failed to read verilog 'C:/Users/Microapple/OneDrive - Rain/NSCSCC/cpu_axi/project_1.srcs/sources_1/new/IF.v'
ERROR: [Common 17-39] 'refresh_design' failed due to earlier errors.
refresh_design
WARNING: [Synth 8-992] IMPause_IF is already implicitly declared earlier [C:/Users/Microapple/OneDrive - Rain/NSCSCC/cpu_axi/project_1.srcs/sources_1/new/Top.v:147]
WARNING: [Synth 8-992] PC_ID is already implicitly declared earlier [C:/Users/Microapple/OneDrive - Rain/NSCSCC/cpu_axi/project_1.srcs/sources_1/new/Top.v:186]
WARNING: [Synth 8-992] rs_ID is already implicitly declared earlier [C:/Users/Microapple/OneDrive - Rain/NSCSCC/cpu_axi/project_1.srcs/sources_1/new/Top.v:190]
WARNING: [Synth 8-992] rt_ID is already implicitly declared earlier [C:/Users/Microapple/OneDrive - Rain/NSCSCC/cpu_axi/project_1.srcs/sources_1/new/Top.v:191]
WARNING: [Synth 8-992] PCSrc_ID is already implicitly declared earlier [C:/Users/Microapple/OneDrive - Rain/NSCSCC/cpu_axi/project_1.srcs/sources_1/new/Top.v:198]
WARNING: [Synth 8-992] PCSrcForward_ID is already implicitly declared earlier [C:/Users/Microapple/OneDrive - Rain/NSCSCC/cpu_axi/project_1.srcs/sources_1/new/Top.v:199]
WARNING: [Synth 8-992] RDataValid_ID is already implicitly declared earlier [C:/Users/Microapple/OneDrive - Rain/NSCSCC/cpu_axi/project_1.srcs/sources_1/new/Top.v:212]
WARNING: [Synth 8-992] HILOValid_ID is already implicitly declared earlier [C:/Users/Microapple/OneDrive - Rain/NSCSCC/cpu_axi/project_1.srcs/sources_1/new/Top.v:213]
WARNING: [Synth 8-992] ERET_ID is already implicitly declared earlier [C:/Users/Microapple/OneDrive - Rain/NSCSCC/cpu_axi/project_1.srcs/sources_1/new/Top.v:215]
WARNING: [Synth 8-992] RegWrite_ID_EX is already implicitly declared earlier [C:/Users/Microapple/OneDrive - Rain/NSCSCC/cpu_axi/project_1.srcs/sources_1/new/Top.v:272]
WARNING: [Synth 8-992] HIWrite_ID_EX is already implicitly declared earlier [C:/Users/Microapple/OneDrive - Rain/NSCSCC/cpu_axi/project_1.srcs/sources_1/new/Top.v:273]
WARNING: [Synth 8-992] LOWrite_ID_EX is already implicitly declared earlier [C:/Users/Microapple/OneDrive - Rain/NSCSCC/cpu_axi/project_1.srcs/sources_1/new/Top.v:274]
WARNING: [Synth 8-992] HILOWrite_ID_EX is already implicitly declared earlier [C:/Users/Microapple/OneDrive - Rain/NSCSCC/cpu_axi/project_1.srcs/sources_1/new/Top.v:275]
WARNING: [Synth 8-992] PCSrc_ID_EX is already implicitly declared earlier [C:/Users/Microapple/OneDrive - Rain/NSCSCC/cpu_axi/project_1.srcs/sources_1/new/Top.v:276]
WARNING: [Synth 8-992] ERET_ID_EX is already implicitly declared earlier [C:/Users/Microapple/OneDrive - Rain/NSCSCC/cpu_axi/project_1.srcs/sources_1/new/Top.v:291]
WARNING: [Synth 8-992] WAddr_EX is already implicitly declared earlier [C:/Users/Microapple/OneDrive - Rain/NSCSCC/cpu_axi/project_1.srcs/sources_1/new/Top.v:358]
WARNING: [Synth 8-992] MDUPause_EX is already implicitly declared earlier [C:/Users/Microapple/OneDrive - Rain/NSCSCC/cpu_axi/project_1.srcs/sources_1/new/Top.v:366]
WARNING: [Synth 8-992] PC_EX_MEM is already implicitly declared earlier [C:/Users/Microapple/OneDrive - Rain/NSCSCC/cpu_axi/project_1.srcs/sources_1/new/Top.v:395]
WARNING: [Synth 8-992] WAddr_EX_MEM is already implicitly declared earlier [C:/Users/Microapple/OneDrive - Rain/NSCSCC/cpu_axi/project_1.srcs/sources_1/new/Top.v:402]
WARNING: [Synth 8-992] RegWrite_EX_MEM is already implicitly declared earlier [C:/Users/Microapple/OneDrive - Rain/NSCSCC/cpu_axi/project_1.srcs/sources_1/new/Top.v:403]
WARNING: [Synth 8-992] HIWrite_EX_MEM is already implicitly declared earlier [C:/Users/Microapple/OneDrive - Rain/NSCSCC/cpu_axi/project_1.srcs/sources_1/new/Top.v:404]
WARNING: [Synth 8-992] LOWrite_EX_MEM is already implicitly declared earlier [C:/Users/Microapple/OneDrive - Rain/NSCSCC/cpu_axi/project_1.srcs/sources_1/new/Top.v:405]
WARNING: [Synth 8-992] HILOWrite_EX_MEM is already implicitly declared earlier [C:/Users/Microapple/OneDrive - Rain/NSCSCC/cpu_axi/project_1.srcs/sources_1/new/Top.v:406]
WARNING: [Synth 8-992] ERET_EX_MEM is already implicitly declared earlier [C:/Users/Microapple/OneDrive - Rain/NSCSCC/cpu_axi/project_1.srcs/sources_1/new/Top.v:417]
WARNING: [Synth 8-992] PCSrc_MEM is already implicitly declared earlier [C:/Users/Microapple/OneDrive - Rain/NSCSCC/cpu_axi/project_1.srcs/sources_1/new/Top.v:485]
WARNING: [Synth 8-992] RegWrite_MEM_WB is already implicitly declared earlier [C:/Users/Microapple/OneDrive - Rain/NSCSCC/cpu_axi/project_1.srcs/sources_1/new/Top.v:519]
WARNING: [Synth 8-992] HIWrite_MEM_WB is already implicitly declared earlier [C:/Users/Microapple/OneDrive - Rain/NSCSCC/cpu_axi/project_1.srcs/sources_1/new/Top.v:520]
WARNING: [Synth 8-992] LOWrite_MEM_WB is already implicitly declared earlier [C:/Users/Microapple/OneDrive - Rain/NSCSCC/cpu_axi/project_1.srcs/sources_1/new/Top.v:521]
WARNING: [Synth 8-992] HILOWrite_MEM_WB is already implicitly declared earlier [C:/Users/Microapple/OneDrive - Rain/NSCSCC/cpu_axi/project_1.srcs/sources_1/new/Top.v:522]
WARNING: [Synth 8-992] WAddr_MEM_WB is already implicitly declared earlier [C:/Users/Microapple/OneDrive - Rain/NSCSCC/cpu_axi/project_1.srcs/sources_1/new/Top.v:525]
WARNING: [Synth 8-992] HILO_MEM_WB is already implicitly declared earlier [C:/Users/Microapple/OneDrive - Rain/NSCSCC/cpu_axi/project_1.srcs/sources_1/new/Top.v:527]
WARNING: [Synth 8-992] ERET_MEM_WB is already implicitly declared earlier [C:/Users/Microapple/OneDrive - Rain/NSCSCC/cpu_axi/project_1.srcs/sources_1/new/Top.v:529]
WARNING: [Synth 8-992] WData_WB is already implicitly declared earlier [C:/Users/Microapple/OneDrive - Rain/NSCSCC/cpu_axi/project_1.srcs/sources_1/new/Top.v:578]
WARNING: [Synth 8-992] PC_WB is already implicitly declared earlier [C:/Users/Microapple/OneDrive - Rain/NSCSCC/cpu_axi/project_1.srcs/sources_1/new/Top.v:579]
---------------------------------------------------------------------------------
Starting RTL Elaboration : Time (s): cpu = 00:00:02 ; elapsed = 00:00:03 . Memory (MB): peak = 2050.605 ; gain = 9.250
---------------------------------------------------------------------------------
INFO: [Synth 8-6157] synthesizing module 'Top' [C:/Users/Microapple/OneDrive - Rain/NSCSCC/cpu_axi/project_1.srcs/sources_1/new/Top.v:3]
INFO: [Synth 8-6157] synthesizing module 'cpu_axi_interface' [C:/Users/Microapple/OneDrive - Rain/NSCSCC/cpu_axi/project_1.srcs/sources_1/new/cpu_axi_interface.v:34]
INFO: [Synth 8-6155] done synthesizing module 'cpu_axi_interface' (1#1) [C:/Users/Microapple/OneDrive - Rain/NSCSCC/cpu_axi/project_1.srcs/sources_1/new/cpu_axi_interface.v:34]
INFO: [Synth 8-6157] synthesizing module 'CU' [C:/Users/Microapple/OneDrive - Rain/NSCSCC/cpu_axi/project_1.srcs/sources_1/new/CU.v:3]
INFO: [Synth 8-6157] synthesizing module 'WRConflict' [C:/Users/Microapple/OneDrive - Rain/NSCSCC/cpu_axi/project_1.srcs/sources_1/new/WRConflict.v:3]
INFO: [Synth 8-6155] done synthesizing module 'WRConflict' (2#1) [C:/Users/Microapple/OneDrive - Rain/NSCSCC/cpu_axi/project_1.srcs/sources_1/new/WRConflict.v:3]
INFO: [Synth 8-6155] done synthesizing module 'CU' (3#1) [C:/Users/Microapple/OneDrive - Rain/NSCSCC/cpu_axi/project_1.srcs/sources_1/new/CU.v:3]
INFO: [Synth 8-6157] synthesizing module 'IF' [C:/Users/Microapple/OneDrive - Rain/NSCSCC/cpu_axi/project_1.srcs/sources_1/new/IF.v:3]
INFO: [Synth 8-6157] synthesizing module 'PC' [C:/Users/Microapple/OneDrive - Rain/NSCSCC/cpu_axi/project_1.srcs/sources_1/new/PC.v:3]
INFO: [Synth 8-6155] done synthesizing module 'PC' (4#1) [C:/Users/Microapple/OneDrive - Rain/NSCSCC/cpu_axi/project_1.srcs/sources_1/new/PC.v:3]
INFO: [Synth 8-6155] done synthesizing module 'IF' (5#1) [C:/Users/Microapple/OneDrive - Rain/NSCSCC/cpu_axi/project_1.srcs/sources_1/new/IF.v:3]
INFO: [Synth 8-6157] synthesizing module 'IF_ID' [C:/Users/Microapple/OneDrive - Rain/NSCSCC/cpu_axi/project_1.srcs/sources_1/new/IF_ID.v:3]
INFO: [Synth 8-6155] done synthesizing module 'IF_ID' (6#1) [C:/Users/Microapple/OneDrive - Rain/NSCSCC/cpu_axi/project_1.srcs/sources_1/new/IF_ID.v:3]
INFO: [Synth 8-6157] synthesizing module 'ID' [C:/Users/Microapple/OneDrive - Rain/NSCSCC/cpu_axi/project_1.srcs/sources_1/new/ID.v:3]
INFO: [Synth 8-6157] synthesizing module 'ID1' [C:/Users/Microapple/OneDrive - Rain/NSCSCC/cpu_axi/project_1.srcs/sources_1/new/ID1.v:3]
INFO: [Synth 8-6155] done synthesizing module 'ID1' (7#1) [C:/Users/Microapple/OneDrive - Rain/NSCSCC/cpu_axi/project_1.srcs/sources_1/new/ID1.v:3]
INFO: [Synth 8-6157] synthesizing module 'ID2' [C:/Users/Microapple/OneDrive - Rain/NSCSCC/cpu_axi/project_1.srcs/sources_1/new/ID2.v:3]
INFO: [Synth 8-6155] done synthesizing module 'ID2' (8#1) [C:/Users/Microapple/OneDrive - Rain/NSCSCC/cpu_axi/project_1.srcs/sources_1/new/ID2.v:3]
INFO: [Synth 8-6157] synthesizing module 'RegHILO' [C:/Users/Microapple/OneDrive - Rain/NSCSCC/cpu_axi/project_1.srcs/sources_1/new/RegHILO.v:3]
INFO: [Synth 8-6155] done synthesizing module 'RegHILO' (9#1) [C:/Users/Microapple/OneDrive - Rain/NSCSCC/cpu_axi/project_1.srcs/sources_1/new/RegHILO.v:3]
INFO: [Synth 8-6157] synthesizing module 'RegFile' [C:/Users/Microapple/OneDrive - Rain/NSCSCC/cpu_axi/project_1.srcs/sources_1/new/RegFile.v:3]
INFO: [Synth 8-6155] done synthesizing module 'RegFile' (10#1) [C:/Users/Microapple/OneDrive - Rain/NSCSCC/cpu_axi/project_1.srcs/sources_1/new/RegFile.v:3]
INFO: [Synth 8-6155] done synthesizing module 'ID' (11#1) [C:/Users/Microapple/OneDrive - Rain/NSCSCC/cpu_axi/project_1.srcs/sources_1/new/ID.v:3]
INFO: [Synth 8-6157] synthesizing module 'ID_EX' [C:/Users/Microapple/OneDrive - Rain/NSCSCC/cpu_axi/project_1.srcs/sources_1/new/ID_EX.v:3]
INFO: [Synth 8-6155] done synthesizing module 'ID_EX' (12#1) [C:/Users/Microapple/OneDrive - Rain/NSCSCC/cpu_axi/project_1.srcs/sources_1/new/ID_EX.v:3]
INFO: [Synth 8-6157] synthesizing module 'EX' [C:/Users/Microapple/OneDrive - Rain/NSCSCC/cpu_axi/project_1.srcs/sources_1/new/EX.v:3]
INFO: [Synth 8-226] default block is never used [C:/Users/Microapple/OneDrive - Rain/NSCSCC/cpu_axi/project_1.srcs/sources_1/new/EX.v:33]
INFO: [Synth 8-6157] synthesizing module 'ALU' [C:/Users/Microapple/OneDrive - Rain/NSCSCC/cpu_axi/project_1.srcs/sources_1/new/ALU.v:3]
INFO: [Synth 8-6155] done synthesizing module 'ALU' (13#1) [C:/Users/Microapple/OneDrive - Rain/NSCSCC/cpu_axi/project_1.srcs/sources_1/new/ALU.v:3]
INFO: [Synth 8-6157] synthesizing module 'MDU' [C:/Users/Microapple/OneDrive - Rain/NSCSCC/cpu_axi/project_1.srcs/sources_1/imports/new/MDU.v:3]
INFO: [Synth 8-6157] synthesizing module 'div' [C:/Users/Microapple/OneDrive - Rain/NSCSCC/cpu_axi/.Xil/Vivado-246908-DESKTOP-9V8F9RL/realtime/div_stub.v:6]
INFO: [Synth 8-6155] done synthesizing module 'div' (14#1) [C:/Users/Microapple/OneDrive - Rain/NSCSCC/cpu_axi/.Xil/Vivado-246908-DESKTOP-9V8F9RL/realtime/div_stub.v:6]
INFO: [Synth 8-6157] synthesizing module 'divu' [C:/Users/Microapple/OneDrive - Rain/NSCSCC/cpu_axi/.Xil/Vivado-246908-DESKTOP-9V8F9RL/realtime/divu_stub.v:6]
INFO: [Synth 8-6155] done synthesizing module 'divu' (15#1) [C:/Users/Microapple/OneDrive - Rain/NSCSCC/cpu_axi/.Xil/Vivado-246908-DESKTOP-9V8F9RL/realtime/divu_stub.v:6]
INFO: [Synth 8-6155] done synthesizing module 'MDU' (16#1) [C:/Users/Microapple/OneDrive - Rain/NSCSCC/cpu_axi/project_1.srcs/sources_1/imports/new/MDU.v:3]
INFO: [Synth 8-6155] done synthesizing module 'EX' (17#1) [C:/Users/Microapple/OneDrive - Rain/NSCSCC/cpu_axi/project_1.srcs/sources_1/new/EX.v:3]
INFO: [Synth 8-6157] synthesizing module 'EX_MEM' [C:/Users/Microapple/OneDrive - Rain/NSCSCC/cpu_axi/project_1.srcs/sources_1/new/EX_MEM.v:3]
INFO: [Synth 8-6155] done synthesizing module 'EX_MEM' (18#1) [C:/Users/Microapple/OneDrive - Rain/NSCSCC/cpu_axi/project_1.srcs/sources_1/new/EX_MEM.v:3]
INFO: [Synth 8-6157] synthesizing module 'MEM' [C:/Users/Microapple/OneDrive - Rain/NSCSCC/cpu_axi/project_1.srcs/sources_1/new/MEM.v:3]
INFO: [Synth 8-6155] done synthesizing module 'MEM' (19#1) [C:/Users/Microapple/OneDrive - Rain/NSCSCC/cpu_axi/project_1.srcs/sources_1/new/MEM.v:3]
INFO: [Synth 8-6157] synthesizing module 'MEM_WB' [C:/Users/Microapple/OneDrive - Rain/NSCSCC/cpu_axi/project_1.srcs/sources_1/new/MEM_WB.v:3]
INFO: [Synth 8-6155] done synthesizing module 'MEM_WB' (20#1) [C:/Users/Microapple/OneDrive - Rain/NSCSCC/cpu_axi/project_1.srcs/sources_1/new/MEM_WB.v:3]
INFO: [Synth 8-6157] synthesizing module 'WB' [C:/Users/Microapple/OneDrive - Rain/NSCSCC/cpu_axi/project_1.srcs/sources_1/new/WB.v:3]
INFO: [Synth 8-6157] synthesizing module 'CP0' [C:/Users/Microapple/OneDrive - Rain/NSCSCC/cpu_axi/project_1.srcs/sources_1/new/CP0.v:3]
INFO: [Synth 8-6155] done synthesizing module 'CP0' (21#1) [C:/Users/Microapple/OneDrive - Rain/NSCSCC/cpu_axi/project_1.srcs/sources_1/new/CP0.v:3]
INFO: [Synth 8-6155] done synthesizing module 'WB' (22#1) [C:/Users/Microapple/OneDrive - Rain/NSCSCC/cpu_axi/project_1.srcs/sources_1/new/WB.v:3]
INFO: [Synth 8-6155] done synthesizing module 'Top' (23#1) [C:/Users/Microapple/OneDrive - Rain/NSCSCC/cpu_axi/project_1.srcs/sources_1/new/Top.v:3]
---------------------------------------------------------------------------------
Finished RTL Elaboration : Time (s): cpu = 00:00:03 ; elapsed = 00:00:04 . Memory (MB): peak = 2104.879 ; gain = 63.523
---------------------------------------------------------------------------------
---------------------------------------------------------------------------------
Start Handling Custom Attributes
---------------------------------------------------------------------------------
---------------------------------------------------------------------------------
Finished Handling Custom Attributes : Time (s): cpu = 00:00:03 ; elapsed = 00:00:04 . Memory (MB): peak = 2124.695 ; gain = 83.340
---------------------------------------------------------------------------------
---------------------------------------------------------------------------------
Finished RTL Optimization Phase 1 : Time (s): cpu = 00:00:03 ; elapsed = 00:00:04 . Memory (MB): peak = 2124.695 ; gain = 83.340
---------------------------------------------------------------------------------
INFO: [Project 1-454] Reading design checkpoint 'c:/Users/Microapple/OneDrive - Rain/NSCSCC/cpu_axi/project_1.gen/sources_1/ip/div/div.dcp' for cell 'ex/mdu/div1'
INFO: [Project 1-454] Reading design checkpoint 'c:/Users/Microapple/OneDrive - Rain/NSCSCC/cpu_axi/project_1.gen/sources_1/ip/divu/divu.dcp' for cell 'ex/mdu/div2'
Netlist sorting complete. Time (s): cpu = 00:00:00 ; elapsed = 00:00:00.120 . Memory (MB): peak = 2162.094 ; gain = 0.000
INFO: [Netlist 29-17] Analyzing 130 Unisim elements for replacement
INFO: [Netlist 29-28] Unisim Transformation completed in 0 CPU seconds
INFO: [Project 1-479] Netlist was created with Vivado 2021.1
INFO: [Project 1-570] Preparing netlist for logic optimization

Processing XDC Constraints
Initializing timing engine
Completed Processing XDC Constraints

refresh_design: Time (s): cpu = 00:00:11 ; elapsed = 00:00:08 . Memory (MB): peak = 2162.094 ; gain = 120.738
refresh_design
WARNING: [Synth 8-992] IMPause_IF is already implicitly declared earlier [C:/Users/Microapple/OneDrive - Rain/NSCSCC/cpu_axi/project_1.srcs/sources_1/new/Top.v:189]
WARNING: [Synth 8-992] PC_ID is already implicitly declared earlier [C:/Users/Microapple/OneDrive - Rain/NSCSCC/cpu_axi/project_1.srcs/sources_1/new/Top.v:228]
WARNING: [Synth 8-992] rs_ID is already implicitly declared earlier [C:/Users/Microapple/OneDrive - Rain/NSCSCC/cpu_axi/project_1.srcs/sources_1/new/Top.v:232]
WARNING: [Synth 8-992] rt_ID is already implicitly declared earlier [C:/Users/Microapple/OneDrive - Rain/NSCSCC/cpu_axi/project_1.srcs/sources_1/new/Top.v:233]
WARNING: [Synth 8-992] PCSrc_ID is already implicitly declared earlier [C:/Users/Microapple/OneDrive - Rain/NSCSCC/cpu_axi/project_1.srcs/sources_1/new/Top.v:240]
WARNING: [Synth 8-992] PCSrcForward_ID is already implicitly declared earlier [C:/Users/Microapple/OneDrive - Rain/NSCSCC/cpu_axi/project_1.srcs/sources_1/new/Top.v:241]
WARNING: [Synth 8-992] RDataValid_ID is already implicitly declared earlier [C:/Users/Microapple/OneDrive - Rain/NSCSCC/cpu_axi/project_1.srcs/sources_1/new/Top.v:254]
WARNING: [Synth 8-992] HILOValid_ID is already implicitly declared earlier [C:/Users/Microapple/OneDrive - Rain/NSCSCC/cpu_axi/project_1.srcs/sources_1/new/Top.v:255]
WARNING: [Synth 8-992] ERET_ID is already implicitly declared earlier [C:/Users/Microapple/OneDrive - Rain/NSCSCC/cpu_axi/project_1.srcs/sources_1/new/Top.v:257]
WARNING: [Synth 8-992] RegWrite_ID_EX is already implicitly declared earlier [C:/Users/Microapple/OneDrive - Rain/NSCSCC/cpu_axi/project_1.srcs/sources_1/new/Top.v:314]
WARNING: [Synth 8-992] HIWrite_ID_EX is already implicitly declared earlier [C:/Users/Microapple/OneDrive - Rain/NSCSCC/cpu_axi/project_1.srcs/sources_1/new/Top.v:315]
WARNING: [Synth 8-992] LOWrite_ID_EX is already implicitly declared earlier [C:/Users/Microapple/OneDrive - Rain/NSCSCC/cpu_axi/project_1.srcs/sources_1/new/Top.v:316]
WARNING: [Synth 8-992] HILOWrite_ID_EX is already implicitly declared earlier [C:/Users/Microapple/OneDrive - Rain/NSCSCC/cpu_axi/project_1.srcs/sources_1/new/Top.v:317]
WARNING: [Synth 8-992] PCSrc_ID_EX is already implicitly declared earlier [C:/Users/Microapple/OneDrive - Rain/NSCSCC/cpu_axi/project_1.srcs/sources_1/new/Top.v:318]
WARNING: [Synth 8-992] ERET_ID_EX is already implicitly declared earlier [C:/Users/Microapple/OneDrive - Rain/NSCSCC/cpu_axi/project_1.srcs/sources_1/new/Top.v:333]
WARNING: [Synth 8-992] WAddr_EX is already implicitly declared earlier [C:/Users/Microapple/OneDrive - Rain/NSCSCC/cpu_axi/project_1.srcs/sources_1/new/Top.v:400]
WARNING: [Synth 8-992] MDUPause_EX is already implicitly declared earlier [C:/Users/Microapple/OneDrive - Rain/NSCSCC/cpu_axi/project_1.srcs/sources_1/new/Top.v:408]
WARNING: [Synth 8-992] PC_EX_MEM is already implicitly declared earlier [C:/Users/Microapple/OneDrive - Rain/NSCSCC/cpu_axi/project_1.srcs/sources_1/new/Top.v:437]
WARNING: [Synth 8-992] WAddr_EX_MEM is already implicitly declared earlier [C:/Users/Microapple/OneDrive - Rain/NSCSCC/cpu_axi/project_1.srcs/sources_1/new/Top.v:444]
WARNING: [Synth 8-992] RegWrite_EX_MEM is already implicitly declared earlier [C:/Users/Microapple/OneDrive - Rain/NSCSCC/cpu_axi/project_1.srcs/sources_1/new/Top.v:445]
WARNING: [Synth 8-992] HIWrite_EX_MEM is already implicitly declared earlier [C:/Users/Microapple/OneDrive - Rain/NSCSCC/cpu_axi/project_1.srcs/sources_1/new/Top.v:446]
WARNING: [Synth 8-992] LOWrite_EX_MEM is already implicitly declared earlier [C:/Users/Microapple/OneDrive - Rain/NSCSCC/cpu_axi/project_1.srcs/sources_1/new/Top.v:447]
WARNING: [Synth 8-992] HILOWrite_EX_MEM is already implicitly declared earlier [C:/Users/Microapple/OneDrive - Rain/NSCSCC/cpu_axi/project_1.srcs/sources_1/new/Top.v:448]
WARNING: [Synth 8-992] ERET_EX_MEM is already implicitly declared earlier [C:/Users/Microapple/OneDrive - Rain/NSCSCC/cpu_axi/project_1.srcs/sources_1/new/Top.v:459]
WARNING: [Synth 8-992] PCSrc_MEM is already implicitly declared earlier [C:/Users/Microapple/OneDrive - Rain/NSCSCC/cpu_axi/project_1.srcs/sources_1/new/Top.v:527]
WARNING: [Synth 8-992] RegWrite_MEM_WB is already implicitly declared earlier [C:/Users/Microapple/OneDrive - Rain/NSCSCC/cpu_axi/project_1.srcs/sources_1/new/Top.v:561]
WARNING: [Synth 8-992] HIWrite_MEM_WB is already implicitly declared earlier [C:/Users/Microapple/OneDrive - Rain/NSCSCC/cpu_axi/project_1.srcs/sources_1/new/Top.v:562]
WARNING: [Synth 8-992] LOWrite_MEM_WB is already implicitly declared earlier [C:/Users/Microapple/OneDrive - Rain/NSCSCC/cpu_axi/project_1.srcs/sources_1/new/Top.v:563]
WARNING: [Synth 8-992] HILOWrite_MEM_WB is already implicitly declared earlier [C:/Users/Microapple/OneDrive - Rain/NSCSCC/cpu_axi/project_1.srcs/sources_1/new/Top.v:564]
WARNING: [Synth 8-992] WAddr_MEM_WB is already implicitly declared earlier [C:/Users/Microapple/OneDrive - Rain/NSCSCC/cpu_axi/project_1.srcs/sources_1/new/Top.v:567]
WARNING: [Synth 8-992] HILO_MEM_WB is already implicitly declared earlier [C:/Users/Microapple/OneDrive - Rain/NSCSCC/cpu_axi/project_1.srcs/sources_1/new/Top.v:569]
WARNING: [Synth 8-992] ERET_MEM_WB is already implicitly declared earlier [C:/Users/Microapple/OneDrive - Rain/NSCSCC/cpu_axi/project_1.srcs/sources_1/new/Top.v:571]
WARNING: [Synth 8-992] WData_WB is already implicitly declared earlier [C:/Users/Microapple/OneDrive - Rain/NSCSCC/cpu_axi/project_1.srcs/sources_1/new/Top.v:620]
WARNING: [Synth 8-992] PC_WB is already implicitly declared earlier [C:/Users/Microapple/OneDrive - Rain/NSCSCC/cpu_axi/project_1.srcs/sources_1/new/Top.v:621]
---------------------------------------------------------------------------------
Starting RTL Elaboration : Time (s): cpu = 00:00:02 ; elapsed = 00:00:03 . Memory (MB): peak = 2162.094 ; gain = 0.000
---------------------------------------------------------------------------------
INFO: [Synth 8-6157] synthesizing module 'Top' [C:/Users/Microapple/OneDrive - Rain/NSCSCC/cpu_axi/project_1.srcs/sources_1/new/Top.v:3]
INFO: [Synth 8-6157] synthesizing module 'cpu_axi_interface' [C:/Users/Microapple/OneDrive - Rain/NSCSCC/cpu_axi/project_1.srcs/sources_1/new/cpu_axi_interface.v:34]
INFO: [Synth 8-6155] done synthesizing module 'cpu_axi_interface' (1#1) [C:/Users/Microapple/OneDrive - Rain/NSCSCC/cpu_axi/project_1.srcs/sources_1/new/cpu_axi_interface.v:34]
INFO: [Synth 8-6157] synthesizing module 'CU' [C:/Users/Microapple/OneDrive - Rain/NSCSCC/cpu_axi/project_1.srcs/sources_1/new/CU.v:3]
INFO: [Synth 8-6157] synthesizing module 'WRConflict' [C:/Users/Microapple/OneDrive - Rain/NSCSCC/cpu_axi/project_1.srcs/sources_1/new/WRConflict.v:3]
INFO: [Synth 8-6155] done synthesizing module 'WRConflict' (2#1) [C:/Users/Microapple/OneDrive - Rain/NSCSCC/cpu_axi/project_1.srcs/sources_1/new/WRConflict.v:3]
INFO: [Synth 8-6155] done synthesizing module 'CU' (3#1) [C:/Users/Microapple/OneDrive - Rain/NSCSCC/cpu_axi/project_1.srcs/sources_1/new/CU.v:3]
INFO: [Synth 8-6157] synthesizing module 'IF' [C:/Users/Microapple/OneDrive - Rain/NSCSCC/cpu_axi/project_1.srcs/sources_1/new/IF.v:3]
INFO: [Synth 8-6157] synthesizing module 'PC' [C:/Users/Microapple/OneDrive - Rain/NSCSCC/cpu_axi/project_1.srcs/sources_1/new/PC.v:3]
INFO: [Synth 8-6155] done synthesizing module 'PC' (4#1) [C:/Users/Microapple/OneDrive - Rain/NSCSCC/cpu_axi/project_1.srcs/sources_1/new/PC.v:3]
INFO: [Synth 8-6155] done synthesizing module 'IF' (5#1) [C:/Users/Microapple/OneDrive - Rain/NSCSCC/cpu_axi/project_1.srcs/sources_1/new/IF.v:3]
INFO: [Synth 8-6157] synthesizing module 'IF_ID' [C:/Users/Microapple/OneDrive - Rain/NSCSCC/cpu_axi/project_1.srcs/sources_1/new/IF_ID.v:3]
INFO: [Synth 8-6155] done synthesizing module 'IF_ID' (6#1) [C:/Users/Microapple/OneDrive - Rain/NSCSCC/cpu_axi/project_1.srcs/sources_1/new/IF_ID.v:3]
INFO: [Synth 8-6157] synthesizing module 'ID' [C:/Users/Microapple/OneDrive - Rain/NSCSCC/cpu_axi/project_1.srcs/sources_1/new/ID.v:3]
INFO: [Synth 8-6157] synthesizing module 'ID1' [C:/Users/Microapple/OneDrive - Rain/NSCSCC/cpu_axi/project_1.srcs/sources_1/new/ID1.v:3]
INFO: [Synth 8-6155] done synthesizing module 'ID1' (7#1) [C:/Users/Microapple/OneDrive - Rain/NSCSCC/cpu_axi/project_1.srcs/sources_1/new/ID1.v:3]
INFO: [Synth 8-6157] synthesizing module 'ID2' [C:/Users/Microapple/OneDrive - Rain/NSCSCC/cpu_axi/project_1.srcs/sources_1/new/ID2.v:3]
INFO: [Synth 8-6155] done synthesizing module 'ID2' (8#1) [C:/Users/Microapple/OneDrive - Rain/NSCSCC/cpu_axi/project_1.srcs/sources_1/new/ID2.v:3]
INFO: [Synth 8-6157] synthesizing module 'RegHILO' [C:/Users/Microapple/OneDrive - Rain/NSCSCC/cpu_axi/project_1.srcs/sources_1/new/RegHILO.v:3]
INFO: [Synth 8-6155] done synthesizing module 'RegHILO' (9#1) [C:/Users/Microapple/OneDrive - Rain/NSCSCC/cpu_axi/project_1.srcs/sources_1/new/RegHILO.v:3]
INFO: [Synth 8-6157] synthesizing module 'RegFile' [C:/Users/Microapple/OneDrive - Rain/NSCSCC/cpu_axi/project_1.srcs/sources_1/new/RegFile.v:3]
INFO: [Synth 8-6155] done synthesizing module 'RegFile' (10#1) [C:/Users/Microapple/OneDrive - Rain/NSCSCC/cpu_axi/project_1.srcs/sources_1/new/RegFile.v:3]
INFO: [Synth 8-6155] done synthesizing module 'ID' (11#1) [C:/Users/Microapple/OneDrive - Rain/NSCSCC/cpu_axi/project_1.srcs/sources_1/new/ID.v:3]
INFO: [Synth 8-6157] synthesizing module 'ID_EX' [C:/Users/Microapple/OneDrive - Rain/NSCSCC/cpu_axi/project_1.srcs/sources_1/new/ID_EX.v:3]
INFO: [Synth 8-6155] done synthesizing module 'ID_EX' (12#1) [C:/Users/Microapple/OneDrive - Rain/NSCSCC/cpu_axi/project_1.srcs/sources_1/new/ID_EX.v:3]
INFO: [Synth 8-6157] synthesizing module 'EX' [C:/Users/Microapple/OneDrive - Rain/NSCSCC/cpu_axi/project_1.srcs/sources_1/new/EX.v:3]
INFO: [Synth 8-226] default block is never used [C:/Users/Microapple/OneDrive - Rain/NSCSCC/cpu_axi/project_1.srcs/sources_1/new/EX.v:33]
INFO: [Synth 8-6157] synthesizing module 'ALU' [C:/Users/Microapple/OneDrive - Rain/NSCSCC/cpu_axi/project_1.srcs/sources_1/new/ALU.v:3]
INFO: [Synth 8-6155] done synthesizing module 'ALU' (13#1) [C:/Users/Microapple/OneDrive - Rain/NSCSCC/cpu_axi/project_1.srcs/sources_1/new/ALU.v:3]
INFO: [Synth 8-6157] synthesizing module 'MDU' [C:/Users/Microapple/OneDrive - Rain/NSCSCC/cpu_axi/project_1.srcs/sources_1/imports/new/MDU.v:3]
INFO: [Synth 8-6157] synthesizing module 'div' [C:/Users/Microapple/OneDrive - Rain/NSCSCC/cpu_axi/.Xil/Vivado-246908-DESKTOP-9V8F9RL/realtime/div_stub.v:6]
INFO: [Synth 8-6155] done synthesizing module 'div' (14#1) [C:/Users/Microapple/OneDrive - Rain/NSCSCC/cpu_axi/.Xil/Vivado-246908-DESKTOP-9V8F9RL/realtime/div_stub.v:6]
INFO: [Synth 8-6157] synthesizing module 'divu' [C:/Users/Microapple/OneDrive - Rain/NSCSCC/cpu_axi/.Xil/Vivado-246908-DESKTOP-9V8F9RL/realtime/divu_stub.v:6]
INFO: [Synth 8-6155] done synthesizing module 'divu' (15#1) [C:/Users/Microapple/OneDrive - Rain/NSCSCC/cpu_axi/.Xil/Vivado-246908-DESKTOP-9V8F9RL/realtime/divu_stub.v:6]
INFO: [Synth 8-6155] done synthesizing module 'MDU' (16#1) [C:/Users/Microapple/OneDrive - Rain/NSCSCC/cpu_axi/project_1.srcs/sources_1/imports/new/MDU.v:3]
INFO: [Synth 8-6155] done synthesizing module 'EX' (17#1) [C:/Users/Microapple/OneDrive - Rain/NSCSCC/cpu_axi/project_1.srcs/sources_1/new/EX.v:3]
INFO: [Synth 8-6157] synthesizing module 'EX_MEM' [C:/Users/Microapple/OneDrive - Rain/NSCSCC/cpu_axi/project_1.srcs/sources_1/new/EX_MEM.v:3]
INFO: [Synth 8-6155] done synthesizing module 'EX_MEM' (18#1) [C:/Users/Microapple/OneDrive - Rain/NSCSCC/cpu_axi/project_1.srcs/sources_1/new/EX_MEM.v:3]
INFO: [Synth 8-6157] synthesizing module 'MEM' [C:/Users/Microapple/OneDrive - Rain/NSCSCC/cpu_axi/project_1.srcs/sources_1/new/MEM.v:3]
INFO: [Synth 8-6155] done synthesizing module 'MEM' (19#1) [C:/Users/Microapple/OneDrive - Rain/NSCSCC/cpu_axi/project_1.srcs/sources_1/new/MEM.v:3]
INFO: [Synth 8-6157] synthesizing module 'MEM_WB' [C:/Users/Microapple/OneDrive - Rain/NSCSCC/cpu_axi/project_1.srcs/sources_1/new/MEM_WB.v:3]
INFO: [Synth 8-6155] done synthesizing module 'MEM_WB' (20#1) [C:/Users/Microapple/OneDrive - Rain/NSCSCC/cpu_axi/project_1.srcs/sources_1/new/MEM_WB.v:3]
INFO: [Synth 8-6157] synthesizing module 'WB' [C:/Users/Microapple/OneDrive - Rain/NSCSCC/cpu_axi/project_1.srcs/sources_1/new/WB.v:3]
INFO: [Synth 8-6157] synthesizing module 'CP0' [C:/Users/Microapple/OneDrive - Rain/NSCSCC/cpu_axi/project_1.srcs/sources_1/new/CP0.v:3]
INFO: [Synth 8-6155] done synthesizing module 'CP0' (21#1) [C:/Users/Microapple/OneDrive - Rain/NSCSCC/cpu_axi/project_1.srcs/sources_1/new/CP0.v:3]
INFO: [Synth 8-6155] done synthesizing module 'WB' (22#1) [C:/Users/Microapple/OneDrive - Rain/NSCSCC/cpu_axi/project_1.srcs/sources_1/new/WB.v:3]
INFO: [Synth 8-6155] done synthesizing module 'Top' (23#1) [C:/Users/Microapple/OneDrive - Rain/NSCSCC/cpu_axi/project_1.srcs/sources_1/new/Top.v:3]
---------------------------------------------------------------------------------
Finished RTL Elaboration : Time (s): cpu = 00:00:03 ; elapsed = 00:00:04 . Memory (MB): peak = 2162.094 ; gain = 0.000
---------------------------------------------------------------------------------
---------------------------------------------------------------------------------
Start Handling Custom Attributes
---------------------------------------------------------------------------------
---------------------------------------------------------------------------------
Finished Handling Custom Attributes : Time (s): cpu = 00:00:03 ; elapsed = 00:00:04 . Memory (MB): peak = 2162.094 ; gain = 0.000
---------------------------------------------------------------------------------
---------------------------------------------------------------------------------
Finished RTL Optimization Phase 1 : Time (s): cpu = 00:00:03 ; elapsed = 00:00:04 . Memory (MB): peak = 2162.094 ; gain = 0.000
---------------------------------------------------------------------------------
INFO: [Project 1-454] Reading design checkpoint 'c:/Users/Microapple/OneDrive - Rain/NSCSCC/cpu_axi/project_1.gen/sources_1/ip/div/div.dcp' for cell 'ex/mdu/div1'
INFO: [Project 1-454] Reading design checkpoint 'c:/Users/Microapple/OneDrive - Rain/NSCSCC/cpu_axi/project_1.gen/sources_1/ip/divu/divu.dcp' for cell 'ex/mdu/div2'
Netlist sorting complete. Time (s): cpu = 00:00:00 ; elapsed = 00:00:00.123 . Memory (MB): peak = 2189.035 ; gain = 0.000
INFO: [Netlist 29-17] Analyzing 130 Unisim elements for replacement
INFO: [Netlist 29-28] Unisim Transformation completed in 0 CPU seconds
INFO: [Project 1-479] Netlist was created with Vivado 2021.1
INFO: [Project 1-570] Preparing netlist for logic optimization

Processing XDC Constraints
Initializing timing engine
Completed Processing XDC Constraints

refresh_design: Time (s): cpu = 00:00:11 ; elapsed = 00:00:08 . Memory (MB): peak = 2189.035 ; gain = 26.941
reset_run synth_1
WARNING: [Vivado 12-1017] Problems encountered:
1. Failed to delete one or more files in run directory C:/Users/Microapple/OneDrive - Rain/NSCSCC/cpu_axi/project_1.runs/synth_1

launch_runs impl_1 -jobs 12
INFO: [Vivado 12-4149] The synthesis checkpoint for IP 'C:/Users/Microapple/OneDrive - Rain/NSCSCC/cpu_axi/project_1.srcs/sources_1/ip/divu/divu.xci' is already up-to-date
INFO: [Vivado 12-4149] The synthesis checkpoint for IP 'C:/Users/Microapple/OneDrive - Rain/NSCSCC/cpu_axi/project_1.srcs/sources_1/ip/div/div.xci' is already up-to-date
[Sun Aug  1 18:33:20 2021] Launched synth_1...
Run output will be captured here: C:/Users/Microapple/OneDrive - Rain/NSCSCC/cpu_axi/project_1.runs/synth_1/runme.log
[Sun Aug  1 18:33:20 2021] Launched impl_1...
Run output will be captured here: C:/Users/Microapple/OneDrive - Rain/NSCSCC/cpu_axi/project_1.runs/impl_1/runme.log
exit
INFO: [Common 17-206] Exiting Vivado at Sun Aug  1 18:36:05 2021...
