#-----------------------------------------------------------
# Vivado v2021.1 (64-bit)
# SW Build 3247384 on Thu Jun 10 19:36:33 MDT 2021
# IP Build 3246043 on Fri Jun 11 00:30:35 MDT 2021
# Start of session at: Sat Jul 31 21:11:17 2021
# Process ID: 93840
# Current directory: C:/Users/Microapple/OneDrive - Rain/NSCSCC/project_1
# Command line: vivado.exe -gui_launcher_event rodinguilauncherevent178044 C:\Users\Microapple\OneDrive - Rain\NSCSCC\project_1\project_1.xpr
# Log file: C:/Users/Microapple/OneDrive - Rain/NSCSCC/project_1/vivado.log
# Journal file: C:/Users/Microapple/OneDrive - Rain/NSCSCC/project_1\vivado.jou
#-----------------------------------------------------------
start_gui
open_project {C:/Users/Microapple/OneDrive - Rain/NSCSCC/project_1/project_1.xpr}
Scanning sources...
Finished scanning sources
INFO: [IP_Flow 19-234] Refreshing IP repositories
INFO: [IP_Flow 19-1704] No user IP repositories specified
INFO: [IP_Flow 19-2313] Loaded Vivado IP repository 'C:/Xilinx/Vivado/2021.1/data/ip'.
open_project: Time (s): cpu = 00:00:10 ; elapsed = 00:00:06 . Memory (MB): peak = 1118.320 ; gain = 0.000
update_compile_order -fileset sources_1
exit
INFO: [Common 17-206] Exiting Vivado at Sat Jul 31 21:46:19 2021...
