#-----------------------------------------------------------
# Vivado v2021.1 (64-bit)
# SW Build 3247384 on Thu Jun 10 19:36:33 MDT 2021
# IP Build 3246043 on Fri Jun 11 00:30:35 MDT 2021
# Start of session at: Thu Jul 22 22:57:39 2021
# Process ID: 31372
# Current directory: C:/Users/Microapple/OneDrive - Rain/NSCSCC/project_1
# Command line: vivado.exe -gui_launcher_event rodinguilauncherevent13672 C:\Users\Microapple\OneDrive - Rain\NSCSCC\project_1\project_1.xpr
# Log file: C:/Users/Microapple/OneDrive - Rain/NSCSCC/project_1/vivado.log
# Journal file: C:/Users/Microapple/OneDrive - Rain/NSCSCC/project_1\vivado.jou
#-----------------------------------------------------------
start_gui
open_project {C:/Users/Microapple/OneDrive - Rain/NSCSCC/project_1/project_1.xpr}
Scanning sources...
Finished scanning sources
INFO: [IP_Flow 19-234] Refreshing IP repositories
INFO: [IP_Flow 19-1704] No user IP repositories specified
INFO: [IP_Flow 19-2313] Loaded Vivado IP repository 'C:/Xilinx/Vivado/2021.1/data/ip'.
update_compile_order -fileset sources_1
export_ip_user_files -of_objects  [get_files {{C:/Users/Microapple/OneDrive - Rain/NSCSCC/project_1/project_1.srcs/sources_1/ip/DM/DM.xci}}] -no_script -reset -force -quiet
remove_files  {{C:/Users/Microapple/OneDrive - Rain/NSCSCC/project_1/project_1.srcs/sources_1/ip/DM/DM.xci}}
file delete -force {C:/Users/Microapple/OneDrive - Rain/NSCSCC/project_1/project_1.srcs/sources_1/ip/DM}
file delete -force {c:/Users/Microapple/OneDrive - Rain/NSCSCC/project_1/project_1.gen/sources_1/ip/DM}
WARNING: [IP_Flow 19-4067] Ignoring invalid widget type specified checkbox.Providing a default widget
WARNING: [IP_Flow 19-4067] Ignoring invalid widget type specified checkbox.Providing a default widget
INFO: [IP_Flow 19-3484] Absolute path of file 'c:/Users/Microapple/OneDrive - Rain/NSCSCC/project_1/DM.coe' provided. It will be converted relative to IP Instance files '../../../../DM.coe'
INFO: [IP_Flow 19-3484] Absolute path of file 'c:/Users/Microapple/OneDrive - Rain/NSCSCC/project_1/DM.coe' provided. It will be converted relative to IP Instance files '../../../../DM.coe'
create_ip -name blk_mem_gen -vendor xilinx.com -library ip -version 8.4 -module_name DM
INFO: [filemgmt 56-101] Creating core container 'c:/Users/Microapple/OneDrive - Rain/NSCSCC/project_1/project_1.srcs/sources_1/ip/DM.xcix' for IP 'DM'
set_property -dict [list CONFIG.Component_Name {DM} CONFIG.Use_Byte_Write_Enable {true} CONFIG.Byte_Size {8} CONFIG.Write_Width_A {32} CONFIG.Write_Depth_A {65536} CONFIG.Read_Width_A {32} CONFIG.Enable_A {Always_Enabled} CONFIG.Write_Width_B {32} CONFIG.Read_Width_B {32} CONFIG.Register_PortA_Output_of_Memory_Primitives {false} CONFIG.Load_Init_File {true} CONFIG.Coe_File {C:/Users/Microapple/OneDrive - Rain/NSCSCC/project_1/DM.coe}] [get_ips DM]
WARNING: [Vivado 12-3523] Attempt to change 'Component_Name' from 'DM' to 'DM' is not allowed and is ignored.
INFO: [IP_Flow 19-3484] Absolute path of file 'c:/Users/Microapple/OneDrive - Rain/NSCSCC/project_1/DM.coe' provided. It will be converted relative to IP Instance files '../../../../DM.coe'
generate_target {instantiation_template} [get_files {{c:/Users/Microapple/OneDrive - Rain/NSCSCC/project_1/project_1.srcs/sources_1/ip/DM/DM.xci}}]
INFO: [IP_Flow 19-1686] Generating 'Instantiation Template' target for IP 'DM'...
set_property generate_synth_checkpoint false [get_files  {{c:/Users/Microapple/OneDrive - Rain/NSCSCC/project_1/project_1.srcs/sources_1/ip/DM/DM.xci}}]
generate_target all [get_files  {{c:/Users/Microapple/OneDrive - Rain/NSCSCC/project_1/project_1.srcs/sources_1/ip/DM/DM.xci}}]
INFO: [IP_Flow 19-1686] Generating 'Instantiation Template' target for IP 'DM'...
INFO: [IP_Flow 19-1686] Generating 'Synthesis' target for IP 'DM'...
INFO: [IP_Flow 19-1686] Generating 'Simulation' target for IP 'DM'...
INFO: [IP_Flow 19-1686] Generating 'Miscellaneous' target for IP 'DM'...
INFO: [IP_Flow 19-1686] Generating 'Change Log' target for IP 'DM'...
export_ip_user_files -of_objects [get_files {{c:/Users/Microapple/OneDrive - Rain/NSCSCC/project_1/project_1.srcs/sources_1/ip/DM/DM.xci}}] -no_script -sync -force -quiet
export_simulation -of_objects [get_files {{c:/Users/Microapple/OneDrive - Rain/NSCSCC/project_1/project_1.srcs/sources_1/ip/DM/DM.xci}}] -directory {C:/Users/Microapple/OneDrive - Rain/NSCSCC/project_1/project_1.ip_user_files/sim_scripts} -ip_user_files_dir {C:/Users/Microapple/OneDrive - Rain/NSCSCC/project_1/project_1.ip_user_files} -ipstatic_source_dir {C:/Users/Microapple/OneDrive - Rain/NSCSCC/project_1/project_1.ip_user_files/ipstatic} -lib_map_path [list {modelsim=C:/Users/Microapple/OneDrive - Rain/NSCSCC/project_1/project_1.cache/compile_simlib/modelsim} {questa=C:/Users/Microapple/OneDrive - Rain/NSCSCC/project_1/project_1.cache/compile_simlib/questa} {riviera=C:/Users/Microapple/OneDrive - Rain/NSCSCC/project_1/project_1.cache/compile_simlib/riviera} {activehdl=C:/Users/Microapple/OneDrive - Rain/NSCSCC/project_1/project_1.cache/compile_simlib/activehdl}] -use_ip_compiled_libs -force -quiet
update_compile_order -fileset sources_1
synth_design -rtl -rtl_skip_mlo -name rtl_1
Command: synth_design -rtl -rtl_skip_mlo -name rtl_1
Starting synth_design
Using part: xc7a200tfbg676-1
Top: Top
INFO: [Device 21-403] Loading part xc7a200tfbg676-1
WARNING: [Synth 8-992] PC_ID is already implicitly declared earlier [C:/Users/Microapple/OneDrive - Rain/NSCSCC/project_1/project_1.srcs/sources_1/new/Top.v:36]
WARNING: [Synth 8-992] PCSrcForward_ID is already implicitly declared earlier [C:/Users/Microapple/OneDrive - Rain/NSCSCC/project_1/project_1.srcs/sources_1/new/Top.v:45]
WARNING: [Synth 8-992] PC_EX_MEM is already implicitly declared earlier [C:/Users/Microapple/OneDrive - Rain/NSCSCC/project_1/project_1.srcs/sources_1/new/Top.v:167]
WARNING: [Synth 8-992] PCSrc_MEM is already implicitly declared earlier [C:/Users/Microapple/OneDrive - Rain/NSCSCC/project_1/project_1.srcs/sources_1/new/Top.v:215]
WARNING: [Synth 8-992] RegWrite_MEM_WB is already implicitly declared earlier [C:/Users/Microapple/OneDrive - Rain/NSCSCC/project_1/project_1.srcs/sources_1/new/Top.v:235]
WARNING: [Synth 8-992] WAddr_MEM_WB is already implicitly declared earlier [C:/Users/Microapple/OneDrive - Rain/NSCSCC/project_1/project_1.srcs/sources_1/new/Top.v:237]
WARNING: [Synth 8-992] WData_WB is already implicitly declared earlier [C:/Users/Microapple/OneDrive - Rain/NSCSCC/project_1/project_1.srcs/sources_1/new/Top.v:255]
---------------------------------------------------------------------------------
Starting RTL Elaboration : Time (s): cpu = 00:00:04 ; elapsed = 00:00:04 . Memory (MB): peak = 1701.754 ; gain = 215.566
---------------------------------------------------------------------------------
INFO: [Synth 8-6157] synthesizing module 'Top' [C:/Users/Microapple/OneDrive - Rain/NSCSCC/project_1/project_1.srcs/sources_1/new/Top.v:3]
INFO: [Synth 8-6157] synthesizing module 'IF' [C:/Users/Microapple/OneDrive - Rain/NSCSCC/project_1/project_1.srcs/sources_1/new/IF.v:3]
INFO: [Synth 8-6157] synthesizing module 'PC' [C:/Users/Microapple/OneDrive - Rain/NSCSCC/project_1/project_1.srcs/sources_1/new/PC.v:3]
INFO: [Synth 8-6155] done synthesizing module 'PC' (1#1) [C:/Users/Microapple/OneDrive - Rain/NSCSCC/project_1/project_1.srcs/sources_1/new/PC.v:3]
INFO: [Synth 8-638] synthesizing module 'IM' [c:/Users/Microapple/OneDrive - Rain/NSCSCC/project_1/project_1.gen/sources_1/ip/IM/synth/IM.vhd:67]
	Parameter C_FAMILY bound to: artix7 - type: string 
	Parameter C_XDEVICEFAMILY bound to: artix7 - type: string 
	Parameter C_ELABORATION_DIR bound to: ./ - type: string 
	Parameter C_INTERFACE_TYPE bound to: 0 - type: integer 
	Parameter C_AXI_TYPE bound to: 1 - type: integer 
	Parameter C_AXI_SLAVE_TYPE bound to: 0 - type: integer 
	Parameter C_USE_BRAM_BLOCK bound to: 0 - type: integer 
	Parameter C_ENABLE_32BIT_ADDRESS bound to: 0 - type: integer 
	Parameter C_CTRL_ECC_ALGO bound to: NONE - type: string 
	Parameter C_HAS_AXI_ID bound to: 0 - type: integer 
	Parameter C_AXI_ID_WIDTH bound to: 4 - type: integer 
	Parameter C_MEM_TYPE bound to: 3 - type: integer 
	Parameter C_BYTE_SIZE bound to: 9 - type: integer 
	Parameter C_ALGORITHM bound to: 1 - type: integer 
	Parameter C_PRIM_TYPE bound to: 1 - type: integer 
	Parameter C_LOAD_INIT_FILE bound to: 1 - type: integer 
	Parameter C_INIT_FILE_NAME bound to: IM.mif - type: string 
	Parameter C_INIT_FILE bound to: IM.mem - type: string 
	Parameter C_USE_DEFAULT_DATA bound to: 0 - type: integer 
	Parameter C_DEFAULT_DATA bound to: 0 - type: string 
	Parameter C_HAS_RSTA bound to: 0 - type: integer 
	Parameter C_RST_PRIORITY_A bound to: CE - type: string 
	Parameter C_RSTRAM_A bound to: 0 - type: integer 
	Parameter C_INITA_VAL bound to: 0 - type: string 
	Parameter C_HAS_ENA bound to: 0 - type: integer 
	Parameter C_HAS_REGCEA bound to: 0 - type: integer 
	Parameter C_USE_BYTE_WEA bound to: 0 - type: integer 
	Parameter C_WEA_WIDTH bound to: 1 - type: integer 
	Parameter C_WRITE_MODE_A bound to: WRITE_FIRST - type: string 
	Parameter C_WRITE_WIDTH_A bound to: 32 - type: integer 
	Parameter C_READ_WIDTH_A bound to: 32 - type: integer 
	Parameter C_WRITE_DEPTH_A bound to: 65536 - type: integer 
	Parameter C_READ_DEPTH_A bound to: 65536 - type: integer 
	Parameter C_ADDRA_WIDTH bound to: 16 - type: integer 
	Parameter C_HAS_RSTB bound to: 0 - type: integer 
	Parameter C_RST_PRIORITY_B bound to: CE - type: string 
	Parameter C_RSTRAM_B bound to: 0 - type: integer 
	Parameter C_INITB_VAL bound to: 0 - type: string 
	Parameter C_HAS_ENB bound to: 0 - type: integer 
	Parameter C_HAS_REGCEB bound to: 0 - type: integer 
	Parameter C_USE_BYTE_WEB bound to: 0 - type: integer 
	Parameter C_WEB_WIDTH bound to: 1 - type: integer 
	Parameter C_WRITE_MODE_B bound to: WRITE_FIRST - type: string 
	Parameter C_WRITE_WIDTH_B bound to: 32 - type: integer 
	Parameter C_READ_WIDTH_B bound to: 32 - type: integer 
	Parameter C_WRITE_DEPTH_B bound to: 65536 - type: integer 
	Parameter C_READ_DEPTH_B bound to: 65536 - type: integer 
	Parameter C_ADDRB_WIDTH bound to: 16 - type: integer 
	Parameter C_HAS_MEM_OUTPUT_REGS_A bound to: 1 - type: integer 
	Parameter C_HAS_MEM_OUTPUT_REGS_B bound to: 0 - type: integer 
	Parameter C_HAS_MUX_OUTPUT_REGS_A bound to: 0 - type: integer 
	Parameter C_HAS_MUX_OUTPUT_REGS_B bound to: 0 - type: integer 
	Parameter C_MUX_PIPELINE_STAGES bound to: 0 - type: integer 
	Parameter C_HAS_SOFTECC_INPUT_REGS_A bound to: 0 - type: integer 
	Parameter C_HAS_SOFTECC_OUTPUT_REGS_B bound to: 0 - type: integer 
	Parameter C_USE_SOFTECC bound to: 0 - type: integer 
	Parameter C_USE_ECC bound to: 0 - type: integer 
	Parameter C_EN_ECC_PIPE bound to: 0 - type: integer 
	Parameter C_READ_LATENCY_A bound to: 1 - type: integer 
	Parameter C_READ_LATENCY_B bound to: 1 - type: integer 
	Parameter C_HAS_INJECTERR bound to: 0 - type: integer 
	Parameter C_SIM_COLLISION_CHECK bound to: ALL - type: string 
	Parameter C_COMMON_CLK bound to: 0 - type: integer 
	Parameter C_DISABLE_WARN_BHV_COLL bound to: 0 - type: integer 
	Parameter C_EN_SLEEP_PIN bound to: 0 - type: integer 
	Parameter C_USE_URAM bound to: 0 - type: integer 
	Parameter C_EN_RDADDRA_CHG bound to: 0 - type: integer 
	Parameter C_EN_RDADDRB_CHG bound to: 0 - type: integer 
	Parameter C_EN_DEEPSLEEP_PIN bound to: 0 - type: integer 
	Parameter C_EN_SHUTDOWN_PIN bound to: 0 - type: integer 
	Parameter C_EN_SAFETY_CKT bound to: 0 - type: integer 
	Parameter C_DISABLE_WARN_BHV_RANGE bound to: 0 - type: integer 
	Parameter C_COUNT_36K_BRAM bound to: 58 - type: string 
	Parameter C_COUNT_18K_BRAM bound to: 0 - type: string 
	Parameter C_EST_POWER_SUMMARY bound to: Estimated Power for IP     :     17.809548 mW - type: string 
INFO: [Synth 8-3491] module 'blk_mem_gen_v8_4_4' declared at 'c:/Users/Microapple/OneDrive - Rain/NSCSCC/project_1/project_1.srcs/sources_1/ip/DM/hdl/blk_mem_gen_v8_4_vhsyn_rfs.vhd:195321' bound to instance 'U0' of component 'blk_mem_gen_v8_4_4' [c:/Users/Microapple/OneDrive - Rain/NSCSCC/project_1/project_1.gen/sources_1/ip/IM/synth/IM.vhd:230]
INFO: [Synth 8-256] done synthesizing module 'IM' (12#1) [c:/Users/Microapple/OneDrive - Rain/NSCSCC/project_1/project_1.gen/sources_1/ip/IM/synth/IM.vhd:67]
WARNING: [Synth 8-689] width (32) of port connection 'addra' does not match port width (16) of module 'IM' [C:/Users/Microapple/OneDrive - Rain/NSCSCC/project_1/project_1.srcs/sources_1/new/IF.v:30]
INFO: [Synth 8-6155] done synthesizing module 'IF' (13#1) [C:/Users/Microapple/OneDrive - Rain/NSCSCC/project_1/project_1.srcs/sources_1/new/IF.v:3]
INFO: [Synth 8-6157] synthesizing module 'IF_ID' [C:/Users/Microapple/OneDrive - Rain/NSCSCC/project_1/project_1.srcs/sources_1/new/IF_ID.v:3]
INFO: [Synth 8-6155] done synthesizing module 'IF_ID' (14#1) [C:/Users/Microapple/OneDrive - Rain/NSCSCC/project_1/project_1.srcs/sources_1/new/IF_ID.v:3]
INFO: [Synth 8-6157] synthesizing module 'ID' [C:/Users/Microapple/OneDrive - Rain/NSCSCC/project_1/project_1.srcs/sources_1/new/ID.v:3]
INFO: [Synth 8-6157] synthesizing module 'ID1' [C:/Users/Microapple/OneDrive - Rain/NSCSCC/project_1/project_1.srcs/sources_1/new/ID1.v:3]
INFO: [Synth 8-6155] done synthesizing module 'ID1' (15#1) [C:/Users/Microapple/OneDrive - Rain/NSCSCC/project_1/project_1.srcs/sources_1/new/ID1.v:3]
INFO: [Synth 8-6157] synthesizing module 'ID2' [C:/Users/Microapple/OneDrive - Rain/NSCSCC/project_1/project_1.srcs/sources_1/new/ID2.v:3]
INFO: [Synth 8-6155] done synthesizing module 'ID2' (16#1) [C:/Users/Microapple/OneDrive - Rain/NSCSCC/project_1/project_1.srcs/sources_1/new/ID2.v:3]
INFO: [Synth 8-6157] synthesizing module 'IDJump' [C:/Users/Microapple/OneDrive - Rain/NSCSCC/project_1/project_1.srcs/sources_1/new/IDJump.v:3]
INFO: [Synth 8-6155] done synthesizing module 'IDJump' (17#1) [C:/Users/Microapple/OneDrive - Rain/NSCSCC/project_1/project_1.srcs/sources_1/new/IDJump.v:3]
INFO: [Synth 8-6157] synthesizing module 'RegFile' [C:/Users/Microapple/OneDrive - Rain/NSCSCC/project_1/project_1.srcs/sources_1/new/RegFile.v:3]
INFO: [Synth 8-6155] done synthesizing module 'RegFile' (18#1) [C:/Users/Microapple/OneDrive - Rain/NSCSCC/project_1/project_1.srcs/sources_1/new/RegFile.v:3]
INFO: [Synth 8-6155] done synthesizing module 'ID' (19#1) [C:/Users/Microapple/OneDrive - Rain/NSCSCC/project_1/project_1.srcs/sources_1/new/ID.v:3]
INFO: [Synth 8-6157] synthesizing module 'ID_EX' [C:/Users/Microapple/OneDrive - Rain/NSCSCC/project_1/project_1.srcs/sources_1/new/ID_EX.v:3]
INFO: [Synth 8-6155] done synthesizing module 'ID_EX' (20#1) [C:/Users/Microapple/OneDrive - Rain/NSCSCC/project_1/project_1.srcs/sources_1/new/ID_EX.v:3]
INFO: [Synth 8-6157] synthesizing module 'EX' [C:/Users/Microapple/OneDrive - Rain/NSCSCC/project_1/project_1.srcs/sources_1/new/EX.v:3]
INFO: [Synth 8-6157] synthesizing module 'ALU' [C:/Users/Microapple/OneDrive - Rain/NSCSCC/project_1/project_1.srcs/sources_1/new/ALU.v:3]
INFO: [Synth 8-6155] done synthesizing module 'ALU' (21#1) [C:/Users/Microapple/OneDrive - Rain/NSCSCC/project_1/project_1.srcs/sources_1/new/ALU.v:3]
INFO: [Synth 8-6155] done synthesizing module 'EX' (22#1) [C:/Users/Microapple/OneDrive - Rain/NSCSCC/project_1/project_1.srcs/sources_1/new/EX.v:3]
INFO: [Synth 8-6157] synthesizing module 'EX_MEM' [C:/Users/Microapple/OneDrive - Rain/NSCSCC/project_1/project_1.srcs/sources_1/new/EX_MEM.v:3]
INFO: [Synth 8-6155] done synthesizing module 'EX_MEM' (23#1) [C:/Users/Microapple/OneDrive - Rain/NSCSCC/project_1/project_1.srcs/sources_1/new/EX_MEM.v:3]
INFO: [Synth 8-6157] synthesizing module 'MEM' [C:/Users/Microapple/OneDrive - Rain/NSCSCC/project_1/project_1.srcs/sources_1/new/MEM.v:3]
INFO: [Synth 8-638] synthesizing module 'DM' [c:/Users/Microapple/OneDrive - Rain/NSCSCC/project_1/project_1.srcs/sources_1/ip/DM/synth/DM.vhd:69]
	Parameter C_FAMILY bound to: artix7 - type: string 
	Parameter C_XDEVICEFAMILY bound to: artix7 - type: string 
	Parameter C_ELABORATION_DIR bound to: ./ - type: string 
	Parameter C_INTERFACE_TYPE bound to: 0 - type: integer 
	Parameter C_AXI_TYPE bound to: 1 - type: integer 
	Parameter C_AXI_SLAVE_TYPE bound to: 0 - type: integer 
	Parameter C_USE_BRAM_BLOCK bound to: 0 - type: integer 
	Parameter C_ENABLE_32BIT_ADDRESS bound to: 0 - type: integer 
	Parameter C_CTRL_ECC_ALGO bound to: NONE - type: string 
	Parameter C_HAS_AXI_ID bound to: 0 - type: integer 
	Parameter C_AXI_ID_WIDTH bound to: 4 - type: integer 
	Parameter C_MEM_TYPE bound to: 0 - type: integer 
	Parameter C_BYTE_SIZE bound to: 8 - type: integer 
	Parameter C_ALGORITHM bound to: 1 - type: integer 
	Parameter C_PRIM_TYPE bound to: 1 - type: integer 
	Parameter C_LOAD_INIT_FILE bound to: 1 - type: integer 
	Parameter C_INIT_FILE_NAME bound to: DM.mif - type: string 
	Parameter C_INIT_FILE bound to: DM.mem - type: string 
	Parameter C_USE_DEFAULT_DATA bound to: 0 - type: integer 
	Parameter C_DEFAULT_DATA bound to: 0 - type: string 
	Parameter C_HAS_RSTA bound to: 0 - type: integer 
	Parameter C_RST_PRIORITY_A bound to: CE - type: string 
	Parameter C_RSTRAM_A bound to: 0 - type: integer 
	Parameter C_INITA_VAL bound to: 0 - type: string 
	Parameter C_HAS_ENA bound to: 0 - type: integer 
	Parameter C_HAS_REGCEA bound to: 0 - type: integer 
	Parameter C_USE_BYTE_WEA bound to: 1 - type: integer 
	Parameter C_WEA_WIDTH bound to: 4 - type: integer 
	Parameter C_WRITE_MODE_A bound to: WRITE_FIRST - type: string 
	Parameter C_WRITE_WIDTH_A bound to: 32 - type: integer 
	Parameter C_READ_WIDTH_A bound to: 32 - type: integer 
	Parameter C_WRITE_DEPTH_A bound to: 65536 - type: integer 
	Parameter C_READ_DEPTH_A bound to: 65536 - type: integer 
	Parameter C_ADDRA_WIDTH bound to: 16 - type: integer 
	Parameter C_HAS_RSTB bound to: 0 - type: integer 
	Parameter C_RST_PRIORITY_B bound to: CE - type: string 
	Parameter C_RSTRAM_B bound to: 0 - type: integer 
	Parameter C_INITB_VAL bound to: 0 - type: string 
	Parameter C_HAS_ENB bound to: 0 - type: integer 
	Parameter C_HAS_REGCEB bound to: 0 - type: integer 
	Parameter C_USE_BYTE_WEB bound to: 1 - type: integer 
	Parameter C_WEB_WIDTH bound to: 4 - type: integer 
	Parameter C_WRITE_MODE_B bound to: WRITE_FIRST - type: string 
	Parameter C_WRITE_WIDTH_B bound to: 32 - type: integer 
	Parameter C_READ_WIDTH_B bound to: 32 - type: integer 
	Parameter C_WRITE_DEPTH_B bound to: 65536 - type: integer 
	Parameter C_READ_DEPTH_B bound to: 65536 - type: integer 
	Parameter C_ADDRB_WIDTH bound to: 16 - type: integer 
	Parameter C_HAS_MEM_OUTPUT_REGS_A bound to: 0 - type: integer 
	Parameter C_HAS_MEM_OUTPUT_REGS_B bound to: 0 - type: integer 
	Parameter C_HAS_MUX_OUTPUT_REGS_A bound to: 0 - type: integer 
	Parameter C_HAS_MUX_OUTPUT_REGS_B bound to: 0 - type: integer 
	Parameter C_MUX_PIPELINE_STAGES bound to: 0 - type: integer 
	Parameter C_HAS_SOFTECC_INPUT_REGS_A bound to: 0 - type: integer 
	Parameter C_HAS_SOFTECC_OUTPUT_REGS_B bound to: 0 - type: integer 
	Parameter C_USE_SOFTECC bound to: 0 - type: integer 
	Parameter C_USE_ECC bound to: 0 - type: integer 
	Parameter C_EN_ECC_PIPE bound to: 0 - type: integer 
	Parameter C_READ_LATENCY_A bound to: 1 - type: integer 
	Parameter C_READ_LATENCY_B bound to: 1 - type: integer 
	Parameter C_HAS_INJECTERR bound to: 0 - type: integer 
	Parameter C_SIM_COLLISION_CHECK bound to: ALL - type: string 
	Parameter C_COMMON_CLK bound to: 0 - type: integer 
	Parameter C_DISABLE_WARN_BHV_COLL bound to: 0 - type: integer 
	Parameter C_EN_SLEEP_PIN bound to: 0 - type: integer 
	Parameter C_USE_URAM bound to: 0 - type: integer 
	Parameter C_EN_RDADDRA_CHG bound to: 0 - type: integer 
	Parameter C_EN_RDADDRB_CHG bound to: 0 - type: integer 
	Parameter C_EN_DEEPSLEEP_PIN bound to: 0 - type: integer 
	Parameter C_EN_SHUTDOWN_PIN bound to: 0 - type: integer 
	Parameter C_EN_SAFETY_CKT bound to: 0 - type: integer 
	Parameter C_DISABLE_WARN_BHV_RANGE bound to: 0 - type: integer 
	Parameter C_COUNT_36K_BRAM bound to: 64 - type: string 
	Parameter C_COUNT_18K_BRAM bound to: 0 - type: string 
	Parameter C_EST_POWER_SUMMARY bound to: Estimated Power for IP     :     10.194002 mW - type: string 
INFO: [Synth 8-3491] module 'blk_mem_gen_v8_4_4' declared at 'c:/Users/Microapple/OneDrive - Rain/NSCSCC/project_1/project_1.srcs/sources_1/ip/DM/hdl/blk_mem_gen_v8_4_vhsyn_rfs.vhd:195321' bound to instance 'U0' of component 'blk_mem_gen_v8_4_4' [c:/Users/Microapple/OneDrive - Rain/NSCSCC/project_1/project_1.srcs/sources_1/ip/DM/synth/DM.vhd:234]
INFO: [Synth 8-256] done synthesizing module 'DM' (24#1) [c:/Users/Microapple/OneDrive - Rain/NSCSCC/project_1/project_1.srcs/sources_1/ip/DM/synth/DM.vhd:69]
WARNING: [Synth 8-689] width (32) of port connection 'addra' does not match port width (16) of module 'DM' [C:/Users/Microapple/OneDrive - Rain/NSCSCC/project_1/project_1.srcs/sources_1/new/MEM.v:34]
INFO: [Synth 8-6155] done synthesizing module 'MEM' (25#1) [C:/Users/Microapple/OneDrive - Rain/NSCSCC/project_1/project_1.srcs/sources_1/new/MEM.v:3]
INFO: [Synth 8-6157] synthesizing module 'MEM_WB' [C:/Users/Microapple/OneDrive - Rain/NSCSCC/project_1/project_1.srcs/sources_1/new/MEM_WB.v:3]
INFO: [Synth 8-6155] done synthesizing module 'MEM_WB' (26#1) [C:/Users/Microapple/OneDrive - Rain/NSCSCC/project_1/project_1.srcs/sources_1/new/MEM_WB.v:3]
INFO: [Synth 8-6157] synthesizing module 'WB' [C:/Users/Microapple/OneDrive - Rain/NSCSCC/project_1/project_1.srcs/sources_1/new/WB.v:3]
INFO: [Synth 8-6155] done synthesizing module 'WB' (27#1) [C:/Users/Microapple/OneDrive - Rain/NSCSCC/project_1/project_1.srcs/sources_1/new/WB.v:3]
INFO: [Synth 8-6155] done synthesizing module 'Top' (28#1) [C:/Users/Microapple/OneDrive - Rain/NSCSCC/project_1/project_1.srcs/sources_1/new/Top.v:3]
---------------------------------------------------------------------------------
Finished RTL Elaboration : Time (s): cpu = 00:01:03 ; elapsed = 00:01:03 . Memory (MB): peak = 2658.180 ; gain = 1171.992
---------------------------------------------------------------------------------
---------------------------------------------------------------------------------
Start Handling Custom Attributes
---------------------------------------------------------------------------------
---------------------------------------------------------------------------------
Finished Handling Custom Attributes : Time (s): cpu = 00:01:04 ; elapsed = 00:01:04 . Memory (MB): peak = 2658.180 ; gain = 1171.992
---------------------------------------------------------------------------------
---------------------------------------------------------------------------------
Finished RTL Optimization Phase 1 : Time (s): cpu = 00:01:04 ; elapsed = 00:01:04 . Memory (MB): peak = 2658.180 ; gain = 1171.992
---------------------------------------------------------------------------------
Netlist sorting complete. Time (s): cpu = 00:00:00 ; elapsed = 00:00:00.143 . Memory (MB): peak = 2658.180 ; gain = 0.000
INFO: [Netlist 29-17] Analyzing 122 Unisim elements for replacement
INFO: [Netlist 29-28] Unisim Transformation completed in 0 CPU seconds
INFO: [Project 1-570] Preparing netlist for logic optimization

Processing XDC Constraints
Initializing timing engine
Parsing XDC File [C:/Users/Microapple/OneDrive - Rain/NSCSCC/project_1/project_1.srcs/constrs_1/new/Constraints.xdc]
WARNING: [Vivado 12-584] No ports matched 'CLK100M'. [C:/Users/Microapple/OneDrive - Rain/NSCSCC/project_1/project_1.srcs/constrs_1/new/Constraints.xdc:2]
CRITICAL WARNING: [Common 17-55] 'set_property' expects at least one object. [C:/Users/Microapple/OneDrive - Rain/NSCSCC/project_1/project_1.srcs/constrs_1/new/Constraints.xdc:2]
Resolution: If [get_<value>] was used to populate the object, check to make sure this command returns at least one valid object.
WARNING: [Vivado 12-584] No ports matched 'CLK100M'. [C:/Users/Microapple/OneDrive - Rain/NSCSCC/project_1/project_1.srcs/constrs_1/new/Constraints.xdc:10]
CRITICAL WARNING: [Common 17-55] 'set_property' expects at least one object. [C:/Users/Microapple/OneDrive - Rain/NSCSCC/project_1/project_1.srcs/constrs_1/new/Constraints.xdc:10]
Resolution: If [get_<value>] was used to populate the object, check to make sure this command returns at least one valid object.
WARNING: [Vivado 12-584] No ports matched 'AN[7]'. [C:/Users/Microapple/OneDrive - Rain/NSCSCC/project_1/project_1.srcs/constrs_1/new/Constraints.xdc:14]
CRITICAL WARNING: [Common 17-55] 'set_property' expects at least one object. [C:/Users/Microapple/OneDrive - Rain/NSCSCC/project_1/project_1.srcs/constrs_1/new/Constraints.xdc:14]
Resolution: If [get_<value>] was used to populate the object, check to make sure this command returns at least one valid object.
WARNING: [Vivado 12-584] No ports matched 'AN[6]'. [C:/Users/Microapple/OneDrive - Rain/NSCSCC/project_1/project_1.srcs/constrs_1/new/Constraints.xdc:15]
CRITICAL WARNING: [Common 17-55] 'set_property' expects at least one object. [C:/Users/Microapple/OneDrive - Rain/NSCSCC/project_1/project_1.srcs/constrs_1/new/Constraints.xdc:15]
Resolution: If [get_<value>] was used to populate the object, check to make sure this command returns at least one valid object.
WARNING: [Vivado 12-584] No ports matched 'AN[5]'. [C:/Users/Microapple/OneDrive - Rain/NSCSCC/project_1/project_1.srcs/constrs_1/new/Constraints.xdc:16]
CRITICAL WARNING: [Common 17-55] 'set_property' expects at least one object. [C:/Users/Microapple/OneDrive - Rain/NSCSCC/project_1/project_1.srcs/constrs_1/new/Constraints.xdc:16]
Resolution: If [get_<value>] was used to populate the object, check to make sure this command returns at least one valid object.
WARNING: [Vivado 12-584] No ports matched 'AN[4]'. [C:/Users/Microapple/OneDrive - Rain/NSCSCC/project_1/project_1.srcs/constrs_1/new/Constraints.xdc:17]
CRITICAL WARNING: [Common 17-55] 'set_property' expects at least one object. [C:/Users/Microapple/OneDrive - Rain/NSCSCC/project_1/project_1.srcs/constrs_1/new/Constraints.xdc:17]
Resolution: If [get_<value>] was used to populate the object, check to make sure this command returns at least one valid object.
WARNING: [Vivado 12-584] No ports matched 'AN[3]'. [C:/Users/Microapple/OneDrive - Rain/NSCSCC/project_1/project_1.srcs/constrs_1/new/Constraints.xdc:18]
CRITICAL WARNING: [Common 17-55] 'set_property' expects at least one object. [C:/Users/Microapple/OneDrive - Rain/NSCSCC/project_1/project_1.srcs/constrs_1/new/Constraints.xdc:18]
Resolution: If [get_<value>] was used to populate the object, check to make sure this command returns at least one valid object.
WARNING: [Vivado 12-584] No ports matched 'AN[2]'. [C:/Users/Microapple/OneDrive - Rain/NSCSCC/project_1/project_1.srcs/constrs_1/new/Constraints.xdc:19]
CRITICAL WARNING: [Common 17-55] 'set_property' expects at least one object. [C:/Users/Microapple/OneDrive - Rain/NSCSCC/project_1/project_1.srcs/constrs_1/new/Constraints.xdc:19]
Resolution: If [get_<value>] was used to populate the object, check to make sure this command returns at least one valid object.
WARNING: [Vivado 12-584] No ports matched 'AN[1]'. [C:/Users/Microapple/OneDrive - Rain/NSCSCC/project_1/project_1.srcs/constrs_1/new/Constraints.xdc:20]
CRITICAL WARNING: [Common 17-55] 'set_property' expects at least one object. [C:/Users/Microapple/OneDrive - Rain/NSCSCC/project_1/project_1.srcs/constrs_1/new/Constraints.xdc:20]
Resolution: If [get_<value>] was used to populate the object, check to make sure this command returns at least one valid object.
WARNING: [Vivado 12-584] No ports matched 'AN[0]'. [C:/Users/Microapple/OneDrive - Rain/NSCSCC/project_1/project_1.srcs/constrs_1/new/Constraints.xdc:21]
CRITICAL WARNING: [Common 17-55] 'set_property' expects at least one object. [C:/Users/Microapple/OneDrive - Rain/NSCSCC/project_1/project_1.srcs/constrs_1/new/Constraints.xdc:21]
Resolution: If [get_<value>] was used to populate the object, check to make sure this command returns at least one valid object.
WARNING: [Vivado 12-584] No ports matched 'AN[7]'. [C:/Users/Microapple/OneDrive - Rain/NSCSCC/project_1/project_1.srcs/constrs_1/new/Constraints.xdc:22]
CRITICAL WARNING: [Common 17-55] 'set_property' expects at least one object. [C:/Users/Microapple/OneDrive - Rain/NSCSCC/project_1/project_1.srcs/constrs_1/new/Constraints.xdc:22]
Resolution: If [get_<value>] was used to populate the object, check to make sure this command returns at least one valid object.
WARNING: [Vivado 12-584] No ports matched 'AN[6]'. [C:/Users/Microapple/OneDrive - Rain/NSCSCC/project_1/project_1.srcs/constrs_1/new/Constraints.xdc:23]
CRITICAL WARNING: [Common 17-55] 'set_property' expects at least one object. [C:/Users/Microapple/OneDrive - Rain/NSCSCC/project_1/project_1.srcs/constrs_1/new/Constraints.xdc:23]
Resolution: If [get_<value>] was used to populate the object, check to make sure this command returns at least one valid object.
WARNING: [Vivado 12-584] No ports matched 'AN[5]'. [C:/Users/Microapple/OneDrive - Rain/NSCSCC/project_1/project_1.srcs/constrs_1/new/Constraints.xdc:24]
CRITICAL WARNING: [Common 17-55] 'set_property' expects at least one object. [C:/Users/Microapple/OneDrive - Rain/NSCSCC/project_1/project_1.srcs/constrs_1/new/Constraints.xdc:24]
Resolution: If [get_<value>] was used to populate the object, check to make sure this command returns at least one valid object.
WARNING: [Vivado 12-584] No ports matched 'AN[4]'. [C:/Users/Microapple/OneDrive - Rain/NSCSCC/project_1/project_1.srcs/constrs_1/new/Constraints.xdc:25]
CRITICAL WARNING: [Common 17-55] 'set_property' expects at least one object. [C:/Users/Microapple/OneDrive - Rain/NSCSCC/project_1/project_1.srcs/constrs_1/new/Constraints.xdc:25]
Resolution: If [get_<value>] was used to populate the object, check to make sure this command returns at least one valid object.
WARNING: [Vivado 12-584] No ports matched 'AN[3]'. [C:/Users/Microapple/OneDrive - Rain/NSCSCC/project_1/project_1.srcs/constrs_1/new/Constraints.xdc:26]
CRITICAL WARNING: [Common 17-55] 'set_property' expects at least one object. [C:/Users/Microapple/OneDrive - Rain/NSCSCC/project_1/project_1.srcs/constrs_1/new/Constraints.xdc:26]
Resolution: If [get_<value>] was used to populate the object, check to make sure this command returns at least one valid object.
WARNING: [Vivado 12-584] No ports matched 'AN[2]'. [C:/Users/Microapple/OneDrive - Rain/NSCSCC/project_1/project_1.srcs/constrs_1/new/Constraints.xdc:27]
CRITICAL WARNING: [Common 17-55] 'set_property' expects at least one object. [C:/Users/Microapple/OneDrive - Rain/NSCSCC/project_1/project_1.srcs/constrs_1/new/Constraints.xdc:27]
Resolution: If [get_<value>] was used to populate the object, check to make sure this command returns at least one valid object.
WARNING: [Vivado 12-584] No ports matched 'AN[1]'. [C:/Users/Microapple/OneDrive - Rain/NSCSCC/project_1/project_1.srcs/constrs_1/new/Constraints.xdc:28]
CRITICAL WARNING: [Common 17-55] 'set_property' expects at least one object. [C:/Users/Microapple/OneDrive - Rain/NSCSCC/project_1/project_1.srcs/constrs_1/new/Constraints.xdc:28]
Resolution: If [get_<value>] was used to populate the object, check to make sure this command returns at least one valid object.
WARNING: [Vivado 12-584] No ports matched 'AN[0]'. [C:/Users/Microapple/OneDrive - Rain/NSCSCC/project_1/project_1.srcs/constrs_1/new/Constraints.xdc:29]
CRITICAL WARNING: [Common 17-55] 'set_property' expects at least one object. [C:/Users/Microapple/OneDrive - Rain/NSCSCC/project_1/project_1.srcs/constrs_1/new/Constraints.xdc:29]
Resolution: If [get_<value>] was used to populate the object, check to make sure this command returns at least one valid object.
WARNING: [Vivado 12-584] No ports matched 'Seg[7]'. [C:/Users/Microapple/OneDrive - Rain/NSCSCC/project_1/project_1.srcs/constrs_1/new/Constraints.xdc:31]
CRITICAL WARNING: [Common 17-55] 'set_property' expects at least one object. [C:/Users/Microapple/OneDrive - Rain/NSCSCC/project_1/project_1.srcs/constrs_1/new/Constraints.xdc:31]
Resolution: If [get_<value>] was used to populate the object, check to make sure this command returns at least one valid object.
WARNING: [Vivado 12-584] No ports matched 'Seg[6]'. [C:/Users/Microapple/OneDrive - Rain/NSCSCC/project_1/project_1.srcs/constrs_1/new/Constraints.xdc:32]
CRITICAL WARNING: [Common 17-55] 'set_property' expects at least one object. [C:/Users/Microapple/OneDrive - Rain/NSCSCC/project_1/project_1.srcs/constrs_1/new/Constraints.xdc:32]
Resolution: If [get_<value>] was used to populate the object, check to make sure this command returns at least one valid object.
WARNING: [Vivado 12-584] No ports matched 'Seg[5]'. [C:/Users/Microapple/OneDrive - Rain/NSCSCC/project_1/project_1.srcs/constrs_1/new/Constraints.xdc:33]
CRITICAL WARNING: [Common 17-55] 'set_property' expects at least one object. [C:/Users/Microapple/OneDrive - Rain/NSCSCC/project_1/project_1.srcs/constrs_1/new/Constraints.xdc:33]
Resolution: If [get_<value>] was used to populate the object, check to make sure this command returns at least one valid object.
WARNING: [Vivado 12-584] No ports matched 'Seg[4]'. [C:/Users/Microapple/OneDrive - Rain/NSCSCC/project_1/project_1.srcs/constrs_1/new/Constraints.xdc:34]
CRITICAL WARNING: [Common 17-55] 'set_property' expects at least one object. [C:/Users/Microapple/OneDrive - Rain/NSCSCC/project_1/project_1.srcs/constrs_1/new/Constraints.xdc:34]
Resolution: If [get_<value>] was used to populate the object, check to make sure this command returns at least one valid object.
WARNING: [Vivado 12-584] No ports matched 'Seg[3]'. [C:/Users/Microapple/OneDrive - Rain/NSCSCC/project_1/project_1.srcs/constrs_1/new/Constraints.xdc:35]
CRITICAL WARNING: [Common 17-55] 'set_property' expects at least one object. [C:/Users/Microapple/OneDrive - Rain/NSCSCC/project_1/project_1.srcs/constrs_1/new/Constraints.xdc:35]
Resolution: If [get_<value>] was used to populate the object, check to make sure this command returns at least one valid object.
WARNING: [Vivado 12-584] No ports matched 'Seg[2]'. [C:/Users/Microapple/OneDrive - Rain/NSCSCC/project_1/project_1.srcs/constrs_1/new/Constraints.xdc:36]
CRITICAL WARNING: [Common 17-55] 'set_property' expects at least one object. [C:/Users/Microapple/OneDrive - Rain/NSCSCC/project_1/project_1.srcs/constrs_1/new/Constraints.xdc:36]
Resolution: If [get_<value>] was used to populate the object, check to make sure this command returns at least one valid object.
WARNING: [Vivado 12-584] No ports matched 'Seg[1]'. [C:/Users/Microapple/OneDrive - Rain/NSCSCC/project_1/project_1.srcs/constrs_1/new/Constraints.xdc:37]
CRITICAL WARNING: [Common 17-55] 'set_property' expects at least one object. [C:/Users/Microapple/OneDrive - Rain/NSCSCC/project_1/project_1.srcs/constrs_1/new/Constraints.xdc:37]
Resolution: If [get_<value>] was used to populate the object, check to make sure this command returns at least one valid object.
WARNING: [Vivado 12-584] No ports matched 'Seg[0]'. [C:/Users/Microapple/OneDrive - Rain/NSCSCC/project_1/project_1.srcs/constrs_1/new/Constraints.xdc:38]
CRITICAL WARNING: [Common 17-55] 'set_property' expects at least one object. [C:/Users/Microapple/OneDrive - Rain/NSCSCC/project_1/project_1.srcs/constrs_1/new/Constraints.xdc:38]
Resolution: If [get_<value>] was used to populate the object, check to make sure this command returns at least one valid object.
WARNING: [Vivado 12-584] No ports matched 'Seg[7]'. [C:/Users/Microapple/OneDrive - Rain/NSCSCC/project_1/project_1.srcs/constrs_1/new/Constraints.xdc:39]
CRITICAL WARNING: [Common 17-55] 'set_property' expects at least one object. [C:/Users/Microapple/OneDrive - Rain/NSCSCC/project_1/project_1.srcs/constrs_1/new/Constraints.xdc:39]
Resolution: If [get_<value>] was used to populate the object, check to make sure this command returns at least one valid object.
WARNING: [Vivado 12-584] No ports matched 'Seg[6]'. [C:/Users/Microapple/OneDrive - Rain/NSCSCC/project_1/project_1.srcs/constrs_1/new/Constraints.xdc:40]
CRITICAL WARNING: [Common 17-55] 'set_property' expects at least one object. [C:/Users/Microapple/OneDrive - Rain/NSCSCC/project_1/project_1.srcs/constrs_1/new/Constraints.xdc:40]
Resolution: If [get_<value>] was used to populate the object, check to make sure this command returns at least one valid object.
WARNING: [Vivado 12-584] No ports matched 'Seg[5]'. [C:/Users/Microapple/OneDrive - Rain/NSCSCC/project_1/project_1.srcs/constrs_1/new/Constraints.xdc:41]
CRITICAL WARNING: [Common 17-55] 'set_property' expects at least one object. [C:/Users/Microapple/OneDrive - Rain/NSCSCC/project_1/project_1.srcs/constrs_1/new/Constraints.xdc:41]
Resolution: If [get_<value>] was used to populate the object, check to make sure this command returns at least one valid object.
WARNING: [Vivado 12-584] No ports matched 'Seg[4]'. [C:/Users/Microapple/OneDrive - Rain/NSCSCC/project_1/project_1.srcs/constrs_1/new/Constraints.xdc:42]
CRITICAL WARNING: [Common 17-55] 'set_property' expects at least one object. [C:/Users/Microapple/OneDrive - Rain/NSCSCC/project_1/project_1.srcs/constrs_1/new/Constraints.xdc:42]
Resolution: If [get_<value>] was used to populate the object, check to make sure this command returns at least one valid object.
WARNING: [Vivado 12-584] No ports matched 'Seg[3]'. [C:/Users/Microapple/OneDrive - Rain/NSCSCC/project_1/project_1.srcs/constrs_1/new/Constraints.xdc:43]
CRITICAL WARNING: [Common 17-55] 'set_property' expects at least one object. [C:/Users/Microapple/OneDrive - Rain/NSCSCC/project_1/project_1.srcs/constrs_1/new/Constraints.xdc:43]
Resolution: If [get_<value>] was used to populate the object, check to make sure this command returns at least one valid object.
WARNING: [Vivado 12-584] No ports matched 'Seg[2]'. [C:/Users/Microapple/OneDrive - Rain/NSCSCC/project_1/project_1.srcs/constrs_1/new/Constraints.xdc:44]
CRITICAL WARNING: [Common 17-55] 'set_property' expects at least one object. [C:/Users/Microapple/OneDrive - Rain/NSCSCC/project_1/project_1.srcs/constrs_1/new/Constraints.xdc:44]
Resolution: If [get_<value>] was used to populate the object, check to make sure this command returns at least one valid object.
WARNING: [Vivado 12-584] No ports matched 'Seg[1]'. [C:/Users/Microapple/OneDrive - Rain/NSCSCC/project_1/project_1.srcs/constrs_1/new/Constraints.xdc:45]
CRITICAL WARNING: [Common 17-55] 'set_property' expects at least one object. [C:/Users/Microapple/OneDrive - Rain/NSCSCC/project_1/project_1.srcs/constrs_1/new/Constraints.xdc:45]
Resolution: If [get_<value>] was used to populate the object, check to make sure this command returns at least one valid object.
WARNING: [Vivado 12-584] No ports matched 'Seg[0]'. [C:/Users/Microapple/OneDrive - Rain/NSCSCC/project_1/project_1.srcs/constrs_1/new/Constraints.xdc:46]
CRITICAL WARNING: [Common 17-55] 'set_property' expects at least one object. [C:/Users/Microapple/OneDrive - Rain/NSCSCC/project_1/project_1.srcs/constrs_1/new/Constraints.xdc:46]
Resolution: If [get_<value>] was used to populate the object, check to make sure this command returns at least one valid object.
Finished Parsing XDC File [C:/Users/Microapple/OneDrive - Rain/NSCSCC/project_1/project_1.srcs/constrs_1/new/Constraints.xdc]
Completed Processing XDC Constraints

Netlist sorting complete. Time (s): cpu = 00:00:00 ; elapsed = 00:00:00.002 . Memory (MB): peak = 2658.180 ; gain = 0.000
INFO: [Project 1-111] Unisim Transformation Summary:
No Unisim elements were transformed.

RTL Elaboration Complete:  : Time (s): cpu = 00:01:15 ; elapsed = 00:01:09 . Memory (MB): peak = 2658.180 ; gain = 1171.992
43 Infos, 43 Warnings, 34 Critical Warnings and 0 Errors encountered.
synth_design completed successfully
synth_design: Time (s): cpu = 00:01:18 ; elapsed = 00:01:16 . Memory (MB): peak = 2658.180 ; gain = 1171.992
exit
INFO: [Common 17-206] Exiting Vivado at Thu Jul 22 23:15:40 2021...
