#-----------------------------------------------------------
# Vivado v2021.1 (64-bit)
# SW Build 3247384 on Thu Jun 10 19:36:33 MDT 2021
# IP Build 3246043 on Fri Jun 11 00:30:35 MDT 2021
# Start of session at: Mon Jul 26 19:33:04 2021
# Process ID: 22892
# Current directory: C:/Users/Microapple/OneDrive - Rain/NSCSCC/project_1
# Command line: vivado.exe -gui_launcher_event rodinguilauncherevent16220 C:\Users\Microapple\OneDrive - Rain\NSCSCC\project_1\project_1.xpr
# Log file: C:/Users/Microapple/OneDrive - Rain/NSCSCC/project_1/vivado.log
# Journal file: C:/Users/Microapple/OneDrive - Rain/NSCSCC/project_1\vivado.jou
#-----------------------------------------------------------
start_gui
open_project {C:/Users/Microapple/OneDrive - Rain/NSCSCC/project_1/project_1.xpr}
Scanning sources...
Finished scanning sources
INFO: [IP_Flow 19-234] Refreshing IP repositories
INFO: [IP_Flow 19-1704] No user IP repositories specified
INFO: [IP_Flow 19-2313] Loaded Vivado IP repository 'C:/Xilinx/Vivado/2021.1/data/ip'.
update_compile_order -fileset sources_1
export_ip_user_files -of_objects  [get_files {{C:/Users/Microapple/OneDrive - Rain/NSCSCC/project_1/project_1.srcs/sources_1/new/simMDU2.v}}] -no_script -reset -force -quiet
remove_files  {{C:/Users/Microapple/OneDrive - Rain/NSCSCC/project_1/project_1.srcs/sources_1/new/simMDU2.v}}
file delete -force {C:/Users/Microapple/OneDrive - Rain/NSCSCC/project_1/project_1.srcs/sources_1/new/simMDU2.v}
exit
INFO: [Common 17-206] Exiting Vivado at Mon Jul 26 19:34:12 2021...
